<?xml version="1.0" encoding="UTF-8"?>
<testng-results ignored="0" total="8" passed="7" failed="1" skipped="0">
  <reporter-output>
  </reporter-output>
  <suite started-at="2025-05-13T15:20:44 EEST" name="All Test Suite" finished-at="2025-05-13T15:21:08 EEST" duration-ms="24407">
    <groups>
    </groups>
    <test started-at="2025-05-13T15:20:44 EEST" name="C:/Users/Mahmoud Khalaf/Downloads/OrangeHRM" finished-at="2025-05-13T15:21:08 EEST" duration-ms="24407">
      <class name="Tests.LoginTest">
        <test-method is-config="true" signature="Setup()[pri:0, instance:Tests.LoginTest@6f01b95f]" started-at="2025-05-13T15:20:44 EEST" name="Setup" finished-at="2025-05-13T15:20:49 EEST" duration-ms="5330" status="PASS">
          <reporter-output>
          </reporter-output>
        </test-method> <!-- Setup -->
        <test-method is-config="true" signature="ClearCookies()[pri:0, instance:Tests.LoginTest@6f01b95f]" started-at="2025-05-13T15:20:49 EEST" name="ClearCookies" finished-at="2025-05-13T15:20:49 EEST" duration-ms="85" status="PASS">
          <reporter-output>
          </reporter-output>
        </test-method> <!-- ClearCookies -->
        <test-method is-config="true" signature="ClearCookies()[pri:0, instance:Tests.LoginTest@6f01b95f]" started-at="2025-05-13T15:20:49 EEST" name="ClearCookies" finished-at="2025-05-13T15:20:49 EEST" duration-ms="91" status="PASS">
          <reporter-output>
          </reporter-output>
        </test-method> <!-- ClearCookies -->
        <test-method is-config="true" signature="OpenUrl()[pri:0, instance:Tests.LoginTest@6f01b95f]" started-at="2025-05-13T15:20:49 EEST" name="OpenUrl" finished-at="2025-05-13T15:20:52 EEST" duration-ms="2455" status="PASS">
          <reporter-output>
          </reporter-output>
        </test-method> <!-- OpenUrl -->
        <test-method is-config="true" signature="OpenUrl()[pri:0, instance:Tests.LoginTest@6f01b95f]" started-at="2025-05-13T15:20:49 EEST" name="OpenUrl" finished-at="2025-05-13T15:20:52 EEST" duration-ms="2988" status="PASS">
          <reporter-output>
          </reporter-output>
        </test-method> <!-- OpenUrl -->
        <test-method signature="ValidLoginTest()[pri:0, instance:Tests.LoginTest@6f01b95f]" started-at="2025-05-13T15:20:52 EEST" name="ValidLoginTest" finished-at="2025-05-13T15:20:54 EEST" duration-ms="2302" status="PASS">
          <reporter-output>
          </reporter-output>
        </test-method> <!-- ValidLoginTest -->
        <test-method signature="LoginWIthDifferData(java.lang.String,java.lang.String)[pri:0, instance:Tests.LoginTest@6f01b95f]" started-at="2025-05-13T15:20:52 EEST" name="LoginWIthDifferData" data-provider="LoginData" finished-at="2025-05-13T15:20:55 EEST" duration-ms="2427" status="FAIL">
          <params>
            <param index="0">
              <value>
                <![CDATA[Admin]]>
              </value>
            </param>
            <param index="1">
              <value>
                <![CDATA[admin123]]>
              </value>
            </param>
          </params>
          <exception class="org.openqa.selenium.StaleElementReferenceException">
            <message>
              <![CDATA[stale element reference: stale element not found
  (Session info: chrome=136.0.7103.93)
For documentation on this error, please visit: https://www.selenium.dev/documentation/webdriver/troubleshooting/errors#stale-element-reference-exception
Build info: version: '4.31.0', revision: '1ef9f18787*'
System info: os.name: 'Windows 11', os.arch: 'amd64', os.version: '10.0', java.version: '21.0.2'
Driver info: org.openqa.selenium.chrome.ChromeDriver
Command: [6f11017506f5d22043fe872040317c1f, clickElement {id=f.C07B99C97EAFC74BE9158D214CB00147.d.C27381E58AC8F95039E09432A11F9E77.e.13}]
Capabilities {acceptInsecureCerts: false, browserName: chrome, browserVersion: 136.0.7103.93, chrome: {chromedriverVersion: 136.0.7103.92 (cb81a4cc5087..., userDataDir: C:\Users\MAHMOU~1\AppData\L...}, fedcm:accounts: true, goog:chromeOptions: {debuggerAddress: localhost:60365}, networkConnectionEnabled: false, pageLoadStrategy: normal, platformName: windows, proxy: Proxy(), se:cdp: ws://localhost:60365/devtoo..., se:cdpVersion: 136.0.7103.93, setWindowRect: true, strictFileInteractability: false, timeouts: {implicit: 0, pageLoad: 300000, script: 30000}, unhandledPromptBehavior: dismiss and notify, webauthn:extension:credBlob: true, webauthn:extension:largeBlob: true, webauthn:extension:minPinLength: true, webauthn:extension:prf: true, webauthn:virtualAuthenticators: true}
Element: [[ChromeDriver: chrome on windows (6f11017506f5d22043fe872040317c1f)] -> xpath: //*[@id="app"]/div[1]/div/div[1]/div/div[2]/div[2]/form/div[3]/button]
Session ID: 6f11017506f5d22043fe872040317c1f]]>
            </message>
            <full-stacktrace>
              <![CDATA[org.openqa.selenium.StaleElementReferenceException: stale element reference: stale element not found
  (Session info: chrome=136.0.7103.93)
For documentation on this error, please visit: https://www.selenium.dev/documentation/webdriver/troubleshooting/errors#stale-element-reference-exception
Build info: version: '4.31.0', revision: '1ef9f18787*'
System info: os.name: 'Windows 11', os.arch: 'amd64', os.version: '10.0', java.version: '21.0.2'
Driver info: org.openqa.selenium.chrome.ChromeDriver
Command: [6f11017506f5d22043fe872040317c1f, clickElement {id=f.C07B99C97EAFC74BE9158D214CB00147.d.C27381E58AC8F95039E09432A11F9E77.e.13}]
Capabilities {acceptInsecureCerts: false, browserName: chrome, browserVersion: 136.0.7103.93, chrome: {chromedriverVersion: 136.0.7103.92 (cb81a4cc5087..., userDataDir: C:\Users\MAHMOU~1\AppData\L...}, fedcm:accounts: true, goog:chromeOptions: {debuggerAddress: localhost:60365}, networkConnectionEnabled: false, pageLoadStrategy: normal, platformName: windows, proxy: Proxy(), se:cdp: ws://localhost:60365/devtoo..., se:cdpVersion: 136.0.7103.93, setWindowRect: true, strictFileInteractability: false, timeouts: {implicit: 0, pageLoad: 300000, script: 30000}, unhandledPromptBehavior: dismiss and notify, webauthn:extension:credBlob: true, webauthn:extension:largeBlob: true, webauthn:extension:minPinLength: true, webauthn:extension:prf: true, webauthn:virtualAuthenticators: true}
Element: [[ChromeDriver: chrome on windows (6f11017506f5d22043fe872040317c1f)] -> xpath: //*[@id="app"]/div[1]/div/div[1]/div/div[2]/div[2]/form/div[3]/button]
Session ID: 6f11017506f5d22043fe872040317c1f
at java.base/jdk.internal.reflect.DirectConstructorHandleAccessor.newInstance(DirectConstructorHandleAccessor.java:62)
at java.base/java.lang.reflect.Constructor.newInstanceWithCaller(Constructor.java:502)
at java.base/java.lang.reflect.Constructor.newInstance(Constructor.java:486)
at org.openqa.selenium.remote.ErrorCodec.decode(ErrorCodec.java:167)
at org.openqa.selenium.remote.codec.w3c.W3CHttpResponseCodec.decode(W3CHttpResponseCodec.java:138)
at org.openqa.selenium.remote.codec.w3c.W3CHttpResponseCodec.decode(W3CHttpResponseCodec.java:50)
at org.openqa.selenium.remote.HttpCommandExecutor.execute(HttpCommandExecutor.java:215)
at org.openqa.selenium.remote.service.DriverCommandExecutor.invokeExecute(DriverCommandExecutor.java:216)
at org.openqa.selenium.remote.service.DriverCommandExecutor.execute(DriverCommandExecutor.java:174)
at org.openqa.selenium.remote.RemoteWebDriver.execute(RemoteWebDriver.java:545)
at org.openqa.selenium.remote.RemoteWebElement.execute(RemoteWebElement.java:223)
at org.openqa.selenium.remote.RemoteWebElement.click(RemoteWebElement.java:76)
at java.base/jdk.internal.reflect.DirectMethodHandleAccessor.invoke(DirectMethodHandleAccessor.java:103)
at java.base/java.lang.reflect.Method.invoke(Method.java:580)
at org.openqa.selenium.support.pagefactory.internal.LocatingElementHandler.invoke(LocatingElementHandler.java:51)
at jdk.proxy2/jdk.proxy2.$Proxy15.click(Unknown Source)
at Pages.LoginPage.ClickButton(LoginPage.java:40)
at Pages.LoginPage.Login(LoginPage.java:46)
at Tests.LoginTest.LoginWIthDifferData(LoginTest.java:29)
at java.base/jdk.internal.reflect.DirectMethodHandleAccessor.invoke(DirectMethodHandleAccessor.java:103)
at java.base/java.lang.reflect.Method.invoke(Method.java:580)
at org.testng.internal.invokers.MethodInvocationHelper.invokeMethod(MethodInvocationHelper.java:141)
at org.testng.internal.invokers.TestInvoker.invokeMethod(TestInvoker.java:686)
at org.testng.internal.invokers.TestInvoker.invokeTestMethod(TestInvoker.java:230)
at org.testng.internal.invokers.MethodRunner.runInSequence(MethodRunner.java:63)
at org.testng.internal.invokers.TestInvoker$MethodInvocationAgent.invoke(TestInvoker.java:992)
at org.testng.internal.invokers.TestInvoker.invokeTestMethods(TestInvoker.java:203)
at org.testng.internal.invokers.TestMethodWorker.invokeTestMethods(TestMethodWorker.java:154)
at org.testng.internal.invokers.TestMethodWorker.run(TestMethodWorker.java:134)
at java.base/java.util.concurrent.Executors$RunnableAdapter.call(Executors.java:572)
at java.base/java.util.concurrent.FutureTask.run(FutureTask.java:317)
at org.testng.internal.thread.graph.TestNGFutureTask.run(TestNGFutureTask.java:22)
at java.base/java.util.concurrent.ThreadPoolExecutor.runWorker(ThreadPoolExecutor.java:1144)
at java.base/java.util.concurrent.ThreadPoolExecutor$Worker.run(ThreadPoolExecutor.java:642)
at java.base/java.lang.Thread.run(Thread.java:1583)
]]>
            </full-stacktrace>
          </exception> <!-- org.openqa.selenium.StaleElementReferenceException -->
          <reporter-output>
          </reporter-output>
        </test-method> <!-- LoginWIthDifferData -->
        <test-method is-config="true" signature="ClearCookies()[pri:0, instance:Tests.LoginTest@6f01b95f]" started-at="2025-05-13T15:20:55 EEST" name="ClearCookies" finished-at="2025-05-13T15:20:55 EEST" duration-ms="13" status="PASS">
          <reporter-output>
          </reporter-output>
        </test-method> <!-- ClearCookies -->
        <test-method is-config="true" signature="OpenUrl()[pri:0, instance:Tests.LoginTest@6f01b95f]" started-at="2025-05-13T15:20:55 EEST" name="OpenUrl" finished-at="2025-05-13T15:20:55 EEST" duration-ms="543" status="PASS">
          <reporter-output>
          </reporter-output>
        </test-method> <!-- OpenUrl -->
        <test-method signature="LoginWIthDifferData(java.lang.String,java.lang.String)[pri:0, instance:Tests.LoginTest@6f01b95f]" started-at="2025-05-13T15:20:55 EEST" name="LoginWIthDifferData" data-provider="LoginData" finished-at="2025-05-13T15:20:56 EEST" duration-ms="878" status="PASS">
          <params>
            <param index="0">
              <value>
                <![CDATA[Admin]]>
              </value>
            </param>
            <param index="1">
              <value>
                <![CDATA[admin1234]]>
              </value>
            </param>
          </params>
          <reporter-output>
          </reporter-output>
        </test-method> <!-- LoginWIthDifferData -->
        <test-method is-config="true" signature="ClearCookies()[pri:0, instance:Tests.LoginTest@6f01b95f]" started-at="2025-05-13T15:20:56 EEST" name="ClearCookies" finished-at="2025-05-13T15:20:57 EEST" duration-ms="879" status="PASS">
          <reporter-output>
          </reporter-output>
        </test-method> <!-- ClearCookies -->
        <test-method is-config="true" signature="OpenUrl()[pri:0, instance:Tests.LoginTest@6f01b95f]" started-at="2025-05-13T15:20:57 EEST" name="OpenUrl" finished-at="2025-05-13T15:20:58 EEST" duration-ms="517" status="PASS">
          <reporter-output>
          </reporter-output>
        </test-method> <!-- OpenUrl -->
        <test-method signature="LoginWIthDifferData(java.lang.String,java.lang.String)[pri:0, instance:Tests.LoginTest@6f01b95f]" started-at="2025-05-13T15:20:58 EEST" name="LoginWIthDifferData" data-provider="LoginData" finished-at="2025-05-13T15:20:59 EEST" duration-ms="883" status="PASS">
          <params>
            <param index="0">
              <value>
                <![CDATA[Admin]]>
              </value>
            </param>
            <param index="1">
              <value>
                <![CDATA[admin12345]]>
              </value>
            </param>
          </params>
          <reporter-output>
          </reporter-output>
        </test-method> <!-- LoginWIthDifferData -->
        <test-method is-config="true" signature="ClearCookies()[pri:0, instance:Tests.LoginTest@6f01b95f]" started-at="2025-05-13T15:20:59 EEST" name="ClearCookies" finished-at="2025-05-13T15:21:00 EEST" duration-ms="1018" status="PASS">
          <reporter-output>
          </reporter-output>
        </test-method> <!-- ClearCookies -->
        <test-method is-config="true" signature="OpenUrl()[pri:0, instance:Tests.LoginTest@6f01b95f]" started-at="2025-05-13T15:21:00 EEST" name="OpenUrl" finished-at="2025-05-13T15:21:00 EEST" duration-ms="477" status="PASS">
          <reporter-output>
          </reporter-output>
        </test-method> <!-- OpenUrl -->
        <test-method signature="LoginWIthDifferData(java.lang.String,java.lang.String)[pri:0, instance:Tests.LoginTest@6f01b95f]" started-at="2025-05-13T15:21:00 EEST" name="LoginWIthDifferData" data-provider="LoginData" finished-at="2025-05-13T15:21:01 EEST" duration-ms="879" status="PASS">
          <params>
            <param index="0">
              <value>
                <![CDATA[Admin]]>
              </value>
            </param>
            <param index="1">
              <value>
                <![CDATA[admin123456]]>
              </value>
            </param>
          </params>
          <reporter-output>
          </reporter-output>
        </test-method> <!-- LoginWIthDifferData -->
        <test-method is-config="true" signature="ClearCookies()[pri:0, instance:Tests.LoginTest@6f01b95f]" started-at="2025-05-13T15:21:01 EEST" name="ClearCookies" finished-at="2025-05-13T15:21:02 EEST" duration-ms="1107" status="PASS">
          <reporter-output>
          </reporter-output>
        </test-method> <!-- ClearCookies -->
        <test-method is-config="true" signature="OpenUrl()[pri:0, instance:Tests.LoginTest@6f01b95f]" started-at="2025-05-13T15:21:02 EEST" name="OpenUrl" finished-at="2025-05-13T15:21:03 EEST" duration-ms="533" status="PASS">
          <reporter-output>
          </reporter-output>
        </test-method> <!-- OpenUrl -->
        <test-method signature="LoginWIthDifferData(java.lang.String,java.lang.String)[pri:0, instance:Tests.LoginTest@6f01b95f]" started-at="2025-05-13T15:21:03 EEST" name="LoginWIthDifferData" data-provider="LoginData" finished-at="2025-05-13T15:21:03 EEST" duration-ms="794" status="PASS">
          <params>
            <param index="0">
              <value>
                <![CDATA[Admin]]>
              </value>
            </param>
            <param index="1">
              <value>
                <![CDATA[admin1234567]]>
              </value>
            </param>
          </params>
          <reporter-output>
          </reporter-output>
        </test-method> <!-- LoginWIthDifferData -->
        <test-method is-config="true" signature="ClearCookies()[pri:0, instance:Tests.LoginTest@6f01b95f]" started-at="2025-05-13T15:21:03 EEST" name="ClearCookies" finished-at="2025-05-13T15:21:04 EEST" duration-ms="1060" status="PASS">
          <reporter-output>
          </reporter-output>
        </test-method> <!-- ClearCookies -->
        <test-method is-config="true" signature="OpenUrl()[pri:0, instance:Tests.LoginTest@6f01b95f]" started-at="2025-05-13T15:21:04 EEST" name="OpenUrl" finished-at="2025-05-13T15:21:05 EEST" duration-ms="493" status="PASS">
          <reporter-output>
          </reporter-output>
        </test-method> <!-- OpenUrl -->
        <test-method signature="LoginWIthDifferData(java.lang.String,java.lang.String)[pri:0, instance:Tests.LoginTest@6f01b95f]" started-at="2025-05-13T15:21:05 EEST" name="LoginWIthDifferData" data-provider="LoginData" finished-at="2025-05-13T15:21:06 EEST" duration-ms="783" status="PASS">
          <params>
            <param index="0">
              <value>
                <![CDATA[Admin]]>
              </value>
            </param>
            <param index="1">
              <value>
                <![CDATA[admin12345678]]>
              </value>
            </param>
          </params>
          <reporter-output>
          </reporter-output>
        </test-method> <!-- LoginWIthDifferData -->
        <test-method is-config="true" signature="ClearCookies()[pri:0, instance:Tests.LoginTest@6f01b95f]" started-at="2025-05-13T15:21:06 EEST" name="ClearCookies" finished-at="2025-05-13T15:21:07 EEST" duration-ms="854" status="PASS">
          <reporter-output>
          </reporter-output>
        </test-method> <!-- ClearCookies -->
        <test-method is-config="true" signature="OpenUrl()[pri:0, instance:Tests.LoginTest@6f01b95f]" started-at="2025-05-13T15:21:07 EEST" name="OpenUrl" finished-at="2025-05-13T15:21:07 EEST" duration-ms="490" status="PASS">
          <reporter-output>
          </reporter-output>
        </test-method> <!-- OpenUrl -->
        <test-method signature="LoginWIthDifferData(java.lang.String,java.lang.String)[pri:0, instance:Tests.LoginTest@6f01b95f]" started-at="2025-05-13T15:21:07 EEST" name="LoginWIthDifferData" data-provider="LoginData" finished-at="2025-05-13T15:21:08 EEST" duration-ms="760" status="PASS">
          <params>
            <param index="0">
              <value>
                <![CDATA[Admin]]>
              </value>
            </param>
            <param index="1">
              <value>
                <![CDATA[admin123456789]]>
              </value>
            </param>
          </params>
          <reporter-output>
          </reporter-output>
        </test-method> <!-- LoginWIthDifferData -->
        <test-method is-config="true" signature="CloseBrowser()[pri:0, instance:Tests.LoginTest@6f01b95f]" started-at="2025-05-13T15:21:08 EEST" name="CloseBrowser" finished-at="2025-05-13T15:21:08 EEST" duration-ms="277" status="PASS">
          <reporter-output>
          </reporter-output>
        </test-method> <!-- CloseBrowser -->
      </class> <!-- Tests.LoginTest -->
    </test> <!-- C:/Users/Mahmoud Khalaf/Downloads/OrangeHRM -->
  </suite> <!-- All Test Suite -->
</testng-results>
