<?xml version="1.0" encoding="UTF-8"?>
<testng-results ignored="0" total="29" passed="29" failed="0" skipped="0">
  <reporter-output>
  </reporter-output>
  <suite started-at="2025-05-18T12:18:10 EEST" name="All Test Suite" finished-at="2025-05-18T12:23:00 EEST" duration-ms="290842">
    <groups>
    </groups>
    <test started-at="2025-05-18T12:18:10 EEST" name="C:\Users\am614\IdeaProjects\Automation_Testing_opensource-demo.orangehrmlive.com" finished-at="2025-05-18T12:23:00 EEST" duration-ms="290842">
      <class name="Tests.ClaimTest">
        <test-method is-config="true" signature="Setup()[pri:0, instance:Tests.ClaimTest@37ff4054]" started-at="2025-05-18T12:22:02 EEST" name="Setup" finished-at="2025-05-18T12:22:03 EEST" duration-ms="1075" status="PASS">
          <reporter-output>
          </reporter-output>
        </test-method> <!-- Setup -->
        <test-method is-config="true" signature="OpenUrl()[pri:0, instance:Tests.ClaimTest@37ff4054]" started-at="2025-05-18T12:22:03 EEST" name="OpenUrl" finished-at="2025-05-18T12:22:05 EEST" duration-ms="2128" status="PASS">
          <reporter-output>
          </reporter-output>
        </test-method> <!-- OpenUrl -->
        <test-method is-config="true" signature="Login()[pri:0, instance:Tests.ClaimTest@37ff4054]" started-at="2025-05-18T12:22:05 EEST" name="Login" finished-at="2025-05-18T12:22:08 EEST" duration-ms="2459" status="PASS">
          <reporter-output>
          </reporter-output>
        </test-method> <!-- Login -->
        <test-method signature="AssignClaimTest()[pri:0, instance:Tests.ClaimTest@37ff4054]" started-at="2025-05-18T12:22:08 EEST" name="AssignClaimTest" finished-at="2025-05-18T12:22:17 EEST" duration-ms="9135" status="PASS">
          <reporter-output>
          </reporter-output>
        </test-method> <!-- AssignClaimTest -->
        <test-method is-config="true" signature="Logout()[pri:0, instance:Tests.ClaimTest@37ff4054]" started-at="2025-05-18T12:22:17 EEST" name="Logout" finished-at="2025-05-18T12:22:18 EEST" duration-ms="1198" status="PASS">
          <reporter-output>
          </reporter-output>
        </test-method> <!-- Logout -->
        <test-method is-config="true" signature="CloseBrowser()[pri:0, instance:Tests.ClaimTest@37ff4054]" started-at="2025-05-18T12:22:18 EEST" name="CloseBrowser" finished-at="2025-05-18T12:22:20 EEST" duration-ms="2172" status="PASS">
          <reporter-output>
          </reporter-output>
        </test-method> <!-- CloseBrowser -->
      </class> <!-- Tests.ClaimTest -->
      <class name="Tests.LeavePageTest">
        <test-method is-config="true" signature="Setup()[pri:0, instance:Tests.LeavePageTest@476b0ae6]" started-at="2025-05-18T12:19:45 EEST" name="Setup" finished-at="2025-05-18T12:19:46 EEST" duration-ms="1106" status="PASS">
          <reporter-output>
          </reporter-output>
        </test-method> <!-- Setup -->
        <test-method is-config="true" signature="OpenUrl()[pri:0, instance:Tests.LeavePageTest@476b0ae6]" started-at="2025-05-18T12:19:46 EEST" name="OpenUrl" finished-at="2025-05-18T12:19:48 EEST" duration-ms="2176" status="PASS">
          <reporter-output>
          </reporter-output>
        </test-method> <!-- OpenUrl -->
        <test-method signature="resultVacationSearchedTestCase()[pri:0, instance:Tests.LeavePageTest@476b0ae6]" started-at="2025-05-18T12:19:48 EEST" name="resultVacationSearchedTestCase" finished-at="2025-05-18T12:20:02 EEST" duration-ms="14297" status="PASS">
          <reporter-output>
          </reporter-output>
        </test-method> <!-- resultVacationSearchedTestCase -->
        <test-method is-config="true" signature="CloseBrowser()[pri:0, instance:Tests.LeavePageTest@476b0ae6]" started-at="2025-05-18T12:20:02 EEST" name="CloseBrowser" finished-at="2025-05-18T12:20:03 EEST" duration-ms="231" status="PASS">
          <reporter-output>
          </reporter-output>
        </test-method> <!-- CloseBrowser -->
      </class> <!-- Tests.LeavePageTest -->
      <class name="Tests.DashboardTest">
        <test-method is-config="true" signature="Setup()[pri:0, instance:Tests.DashboardTest@88a8218]" started-at="2025-05-18T12:21:27 EEST" name="Setup" finished-at="2025-05-18T12:21:28 EEST" duration-ms="1097" status="PASS">
          <reporter-output>
          </reporter-output>
        </test-method> <!-- Setup -->
        <test-method is-config="true" signature="OpenUrl()[pri:0, instance:Tests.DashboardTest@88a8218]" started-at="2025-05-18T12:21:28 EEST" name="OpenUrl" finished-at="2025-05-18T12:21:31 EEST" duration-ms="2828" status="PASS">
          <reporter-output>
          </reporter-output>
        </test-method> <!-- OpenUrl -->
        <test-method signature="verifyRedirectToAssignLeaveTab()[pri:0, instance:Tests.DashboardTest@88a8218]" started-at="2025-05-18T12:21:31 EEST" name="verifyRedirectToAssignLeaveTab" finished-at="2025-05-18T12:21:35 EEST" duration-ms="3837" status="PASS">
          <reporter-output>
          </reporter-output>
        </test-method> <!-- verifyRedirectToAssignLeaveTab -->
        <test-method is-config="true" signature="Logout()[pri:0, instance:Tests.DashboardTest@88a8218]" started-at="2025-05-18T12:21:35 EEST" name="Logout" finished-at="2025-05-18T12:21:36 EEST" duration-ms="1714" status="PASS">
          <reporter-output>
          </reporter-output>
        </test-method> <!-- Logout -->
        <test-method is-config="true" signature="OpenUrl()[pri:0, instance:Tests.DashboardTest@88a8218]" started-at="2025-05-18T12:21:36 EEST" name="OpenUrl" finished-at="2025-05-18T12:21:37 EEST" duration-ms="436" status="PASS">
          <reporter-output>
          </reporter-output>
        </test-method> <!-- OpenUrl -->
        <test-method signature="verifyRedirectToLeaveList()[pri:0, instance:Tests.DashboardTest@88a8218]" started-at="2025-05-18T12:21:37 EEST" name="verifyRedirectToLeaveList" finished-at="2025-05-18T12:21:40 EEST" duration-ms="3097" status="PASS">
          <reporter-output>
          </reporter-output>
        </test-method> <!-- verifyRedirectToLeaveList -->
        <test-method is-config="true" signature="Logout()[pri:0, instance:Tests.DashboardTest@88a8218]" started-at="2025-05-18T12:21:40 EEST" name="Logout" finished-at="2025-05-18T12:21:42 EEST" duration-ms="1676" status="PASS">
          <reporter-output>
          </reporter-output>
        </test-method> <!-- Logout -->
        <test-method is-config="true" signature="OpenUrl()[pri:0, instance:Tests.DashboardTest@88a8218]" started-at="2025-05-18T12:21:42 EEST" name="OpenUrl" finished-at="2025-05-18T12:21:42 EEST" duration-ms="422" status="PASS">
          <reporter-output>
          </reporter-output>
        </test-method> <!-- OpenUrl -->
        <test-method signature="verifyRedirectToTimeSheetsTab()[pri:0, instance:Tests.DashboardTest@88a8218]" started-at="2025-05-18T12:21:42 EEST" name="verifyRedirectToTimeSheetsTab" finished-at="2025-05-18T12:21:45 EEST" duration-ms="2624" status="PASS">
          <reporter-output>
          </reporter-output>
        </test-method> <!-- verifyRedirectToTimeSheetsTab -->
        <test-method is-config="true" signature="Logout()[pri:0, instance:Tests.DashboardTest@88a8218]" started-at="2025-05-18T12:21:45 EEST" name="Logout" finished-at="2025-05-18T12:21:46 EEST" duration-ms="1697" status="PASS">
          <reporter-output>
          </reporter-output>
        </test-method> <!-- Logout -->
        <test-method is-config="true" signature="OpenUrl()[pri:0, instance:Tests.DashboardTest@88a8218]" started-at="2025-05-18T12:21:46 EEST" name="OpenUrl" finished-at="2025-05-18T12:21:47 EEST" duration-ms="599" status="PASS">
          <reporter-output>
          </reporter-output>
        </test-method> <!-- OpenUrl -->
        <test-method signature="VerifyRedirectToApplyLeaveTab()[pri:0, instance:Tests.DashboardTest@88a8218]" started-at="2025-05-18T12:21:47 EEST" name="VerifyRedirectToApplyLeaveTab" finished-at="2025-05-18T12:21:50 EEST" duration-ms="2786" status="PASS">
          <reporter-output>
          </reporter-output>
        </test-method> <!-- VerifyRedirectToApplyLeaveTab -->
        <test-method is-config="true" signature="Logout()[pri:0, instance:Tests.DashboardTest@88a8218]" started-at="2025-05-18T12:21:50 EEST" name="Logout" finished-at="2025-05-18T12:21:51 EEST" duration-ms="1739" status="PASS">
          <reporter-output>
          </reporter-output>
        </test-method> <!-- Logout -->
        <test-method is-config="true" signature="OpenUrl()[pri:0, instance:Tests.DashboardTest@88a8218]" started-at="2025-05-18T12:21:51 EEST" name="OpenUrl" finished-at="2025-05-18T12:21:52 EEST" duration-ms="429" status="PASS">
          <reporter-output>
          </reporter-output>
        </test-method> <!-- OpenUrl -->
        <test-method signature="dashboardEmployeeDistributionSubUnitTest()[pri:0, instance:Tests.DashboardTest@88a8218]" started-at="2025-05-18T12:21:52 EEST" name="dashboardEmployeeDistributionSubUnitTest" finished-at="2025-05-18T12:21:55 EEST" duration-ms="3153" status="PASS">
          <reporter-output>
          </reporter-output>
        </test-method> <!-- dashboardEmployeeDistributionSubUnitTest -->
        <test-method is-config="true" signature="Logout()[pri:0, instance:Tests.DashboardTest@88a8218]" started-at="2025-05-18T12:21:55 EEST" name="Logout" finished-at="2025-05-18T12:21:56 EEST" duration-ms="1302" status="PASS">
          <reporter-output>
          </reporter-output>
        </test-method> <!-- Logout -->
        <test-method is-config="true" signature="OpenUrl()[pri:0, instance:Tests.DashboardTest@88a8218]" started-at="2025-05-18T12:21:56 EEST" name="OpenUrl" finished-at="2025-05-18T12:21:57 EEST" duration-ms="609" status="PASS">
          <reporter-output>
          </reporter-output>
        </test-method> <!-- OpenUrl -->
        <test-method signature="dashboardEmployeeDistributionLocationTest()[pri:0, instance:Tests.DashboardTest@88a8218]" started-at="2025-05-18T12:21:57 EEST" name="dashboardEmployeeDistributionLocationTest" finished-at="2025-05-18T12:22:00 EEST" duration-ms="3290" status="PASS">
          <reporter-output>
          </reporter-output>
        </test-method> <!-- dashboardEmployeeDistributionLocationTest -->
        <test-method is-config="true" signature="Logout()[pri:0, instance:Tests.DashboardTest@88a8218]" started-at="2025-05-18T12:22:00 EEST" name="Logout" finished-at="2025-05-18T12:22:02 EEST" duration-ms="1480" status="PASS">
          <reporter-output>
          </reporter-output>
        </test-method> <!-- Logout -->
        <test-method is-config="true" signature="CloseBrowser()[pri:0, instance:Tests.DashboardTest@88a8218]" started-at="2025-05-18T12:22:02 EEST" name="CloseBrowser" finished-at="2025-05-18T12:22:02 EEST" duration-ms="223" status="PASS">
          <reporter-output>
          </reporter-output>
        </test-method> <!-- CloseBrowser -->
      </class> <!-- Tests.DashboardTest -->
      <class name="Tests.TimeTest">
        <test-method is-config="true" signature="Setup()[pri:0, instance:Tests.TimeTest@50b1f030]" started-at="2025-05-18T12:22:20 EEST" name="Setup" finished-at="2025-05-18T12:22:21 EEST" duration-ms="906" status="PASS">
          <reporter-output>
          </reporter-output>
        </test-method> <!-- Setup -->
        <test-method is-config="true" signature="OpenUrl()[pri:0, instance:Tests.TimeTest@50b1f030]" started-at="2025-05-18T12:22:21 EEST" name="OpenUrl" finished-at="2025-05-18T12:22:23 EEST" duration-ms="1971" status="PASS">
          <reporter-output>
          </reporter-output>
        </test-method> <!-- OpenUrl -->
        <test-method is-config="true" signature="Login()[pri:0, instance:Tests.TimeTest@50b1f030]" started-at="2025-05-18T12:22:23 EEST" name="Login" finished-at="2025-05-18T12:22:25 EEST" duration-ms="2377" status="PASS">
          <reporter-output>
          </reporter-output>
        </test-method> <!-- Login -->
        <test-method signature="PunchInTest()[pri:1, instance:Tests.TimeTest@50b1f030]" started-at="2025-05-18T12:22:25 EEST" name="PunchInTest" finished-at="2025-05-18T12:22:30 EEST" duration-ms="5055" status="PASS">
          <reporter-output>
          </reporter-output>
        </test-method> <!-- PunchInTest -->
        <test-method is-config="true" signature="Logout()[pri:0, instance:Tests.TimeTest@50b1f030]" started-at="2025-05-18T12:22:30 EEST" name="Logout" finished-at="2025-05-18T12:22:32 EEST" duration-ms="1224" status="PASS">
          <reporter-output>
          </reporter-output>
        </test-method> <!-- Logout -->
        <test-method is-config="true" signature="OpenUrl()[pri:0, instance:Tests.TimeTest@50b1f030]" started-at="2025-05-18T12:22:43 EEST" name="OpenUrl" finished-at="2025-05-18T12:22:44 EEST" duration-ms="433" status="PASS">
          <reporter-output>
          </reporter-output>
        </test-method> <!-- OpenUrl -->
        <test-method is-config="true" signature="Login()[pri:0, instance:Tests.TimeTest@50b1f030]" started-at="2025-05-18T12:22:44 EEST" name="Login" finished-at="2025-05-18T12:22:46 EEST" duration-ms="2216" status="PASS">
          <reporter-output>
          </reporter-output>
        </test-method> <!-- Login -->
        <test-method signature="PunchOutTest()[pri:2, instance:Tests.TimeTest@50b1f030]" started-at="2025-05-18T12:22:46 EEST" name="PunchOutTest" finished-at="2025-05-18T12:22:52 EEST" duration-ms="5604" status="PASS">
          <reporter-output>
          </reporter-output>
        </test-method> <!-- PunchOutTest -->
        <test-method is-config="true" signature="Logout()[pri:0, instance:Tests.TimeTest@50b1f030]" started-at="2025-05-18T12:22:52 EEST" name="Logout" finished-at="2025-05-18T12:22:53 EEST" duration-ms="1165" status="PASS">
          <reporter-output>
          </reporter-output>
        </test-method> <!-- Logout -->
        <test-method is-config="true" signature="CloseBrowser()[pri:0, instance:Tests.TimeTest@50b1f030]" started-at="2025-05-18T12:22:53 EEST" name="CloseBrowser" finished-at="2025-05-18T12:22:53 EEST" duration-ms="177" status="PASS">
          <reporter-output>
          </reporter-output>
        </test-method> <!-- CloseBrowser -->
      </class> <!-- Tests.TimeTest -->
      <class name="Tests.MyInfoPageTest">
        <test-method is-config="true" signature="Setup()[pri:0, instance:Tests.MyInfoPageTest@5bd82fed]" started-at="2025-05-18T12:18:40 EEST" name="Setup" finished-at="2025-05-18T12:18:41 EEST" duration-ms="1157" status="PASS">
          <reporter-output>
          </reporter-output>
        </test-method> <!-- Setup -->
        <test-method is-config="true" signature="OpenUrl()[pri:0, instance:Tests.MyInfoPageTest@5bd82fed]" started-at="2025-05-18T12:18:41 EEST" name="OpenUrl" finished-at="2025-05-18T12:18:45 EEST" duration-ms="3068" status="PASS">
          <reporter-output>
          </reporter-output>
        </test-method> <!-- OpenUrl -->
        <test-method signature="ValidEditTestCase()[pri:0, instance:Tests.MyInfoPageTest@5bd82fed]" started-at="2025-05-18T12:18:45 EEST" name="ValidEditTestCase" finished-at="2025-05-18T12:19:05 EEST" duration-ms="20239" status="PASS">
          <reporter-output>
          </reporter-output>
        </test-method> <!-- ValidEditTestCase -->
        <test-method is-config="true" signature="CloseBrowser()[pri:0, instance:Tests.MyInfoPageTest@5bd82fed]" started-at="2025-05-18T12:19:05 EEST" name="CloseBrowser" finished-at="2025-05-18T12:19:05 EEST" duration-ms="223" status="PASS">
          <reporter-output>
          </reporter-output>
        </test-method> <!-- CloseBrowser -->
      </class> <!-- Tests.MyInfoPageTest -->
      <class name="Tests.BuzzTest">
        <test-method is-config="true" signature="Setup()[pri:0, instance:Tests.BuzzTest@742d4e15]" started-at="2025-05-18T12:20:44 EEST" name="Setup" finished-at="2025-05-18T12:20:45 EEST" duration-ms="1159" status="PASS">
          <reporter-output>
          </reporter-output>
        </test-method> <!-- Setup -->
        <test-method is-config="true" signature="OpenUrl()[pri:0, instance:Tests.BuzzTest@742d4e15]" started-at="2025-05-18T12:20:45 EEST" name="OpenUrl" finished-at="2025-05-18T12:20:50 EEST" duration-ms="5026" status="PASS">
          <reporter-output>
          </reporter-output>
        </test-method> <!-- OpenUrl -->
        <test-method signature="postPost()[pri:0, instance:Tests.BuzzTest@742d4e15]" started-at="2025-05-18T12:20:50 EEST" name="postPost" finished-at="2025-05-18T12:20:54 EEST" duration-ms="4473" status="PASS">
          <reporter-output>
          </reporter-output>
        </test-method> <!-- postPost -->
        <test-method is-config="true" signature="Logout()[pri:0, instance:Tests.BuzzTest@742d4e15]" started-at="2025-05-18T12:20:54 EEST" name="Logout" finished-at="2025-05-18T12:20:55 EEST" duration-ms="1251" status="PASS">
          <reporter-output>
          </reporter-output>
        </test-method> <!-- Logout -->
        <test-method is-config="true" signature="OpenUrl()[pri:0, instance:Tests.BuzzTest@742d4e15]" started-at="2025-05-18T12:20:55 EEST" name="OpenUrl" finished-at="2025-05-18T12:20:56 EEST" duration-ms="441" status="PASS">
          <reporter-output>
          </reporter-output>
        </test-method> <!-- OpenUrl -->
        <test-method signature="likePost()[pri:0, instance:Tests.BuzzTest@742d4e15]" started-at="2025-05-18T12:20:56 EEST" name="likePost" finished-at="2025-05-18T12:21:00 EEST" duration-ms="3921" status="PASS">
          <reporter-output>
          </reporter-output>
        </test-method> <!-- likePost -->
        <test-method is-config="true" signature="Logout()[pri:0, instance:Tests.BuzzTest@742d4e15]" started-at="2025-05-18T12:21:00 EEST" name="Logout" finished-at="2025-05-18T12:21:01 EEST" duration-ms="1341" status="PASS">
          <reporter-output>
          </reporter-output>
        </test-method> <!-- Logout -->
        <test-method is-config="true" signature="OpenUrl()[pri:0, instance:Tests.BuzzTest@742d4e15]" started-at="2025-05-18T12:21:01 EEST" name="OpenUrl" finished-at="2025-05-18T12:21:02 EEST" duration-ms="702" status="PASS">
          <reporter-output>
          </reporter-output>
        </test-method> <!-- OpenUrl -->
        <test-method signature="addComment()[pri:0, instance:Tests.BuzzTest@742d4e15]" started-at="2025-05-18T12:21:02 EEST" name="addComment" finished-at="2025-05-18T12:21:06 EEST" duration-ms="3922" status="PASS">
          <reporter-output>
          </reporter-output>
        </test-method> <!-- addComment -->
        <test-method is-config="true" signature="Logout()[pri:0, instance:Tests.BuzzTest@742d4e15]" started-at="2025-05-18T12:21:06 EEST" name="Logout" finished-at="2025-05-18T12:21:07 EEST" duration-ms="1246" status="PASS">
          <reporter-output>
          </reporter-output>
        </test-method> <!-- Logout -->
        <test-method is-config="true" signature="OpenUrl()[pri:0, instance:Tests.BuzzTest@742d4e15]" started-at="2025-05-18T12:21:07 EEST" name="OpenUrl" finished-at="2025-05-18T12:21:07 EEST" duration-ms="441" status="PASS">
          <reporter-output>
          </reporter-output>
        </test-method> <!-- OpenUrl -->
        <test-method signature="editComment()[pri:0, instance:Tests.BuzzTest@742d4e15]" started-at="2025-05-18T12:21:07 EEST" name="editComment" finished-at="2025-05-18T12:21:12 EEST" duration-ms="4649" status="PASS">
          <reporter-output>
          </reporter-output>
        </test-method> <!-- editComment -->
        <test-method is-config="true" signature="Logout()[pri:0, instance:Tests.BuzzTest@742d4e15]" started-at="2025-05-18T12:21:12 EEST" name="Logout" finished-at="2025-05-18T12:21:13 EEST" duration-ms="1271" status="PASS">
          <reporter-output>
          </reporter-output>
        </test-method> <!-- Logout -->
        <test-method is-config="true" signature="OpenUrl()[pri:0, instance:Tests.BuzzTest@742d4e15]" started-at="2025-05-18T12:21:13 EEST" name="OpenUrl" finished-at="2025-05-18T12:21:14 EEST" duration-ms="411" status="PASS">
          <reporter-output>
          </reporter-output>
        </test-method> <!-- OpenUrl -->
        <test-method signature="likeComment()[pri:0, instance:Tests.BuzzTest@742d4e15]" started-at="2025-05-18T12:21:14 EEST" name="likeComment" finished-at="2025-05-18T12:21:18 EEST" duration-ms="4547" status="PASS">
          <reporter-output>
          </reporter-output>
        </test-method> <!-- likeComment -->
        <test-method is-config="true" signature="Logout()[pri:0, instance:Tests.BuzzTest@742d4e15]" started-at="2025-05-18T12:21:18 EEST" name="Logout" finished-at="2025-05-18T12:21:20 EEST" duration-ms="1193" status="PASS">
          <reporter-output>
          </reporter-output>
        </test-method> <!-- Logout -->
        <test-method is-config="true" signature="OpenUrl()[pri:0, instance:Tests.BuzzTest@742d4e15]" started-at="2025-05-18T12:21:20 EEST" name="OpenUrl" finished-at="2025-05-18T12:21:20 EEST" duration-ms="426" status="PASS">
          <reporter-output>
          </reporter-output>
        </test-method> <!-- OpenUrl -->
        <test-method signature="deleteComment()[pri:0, instance:Tests.BuzzTest@742d4e15]" started-at="2025-05-18T12:21:20 EEST" name="deleteComment" finished-at="2025-05-18T12:21:25 EEST" duration-ms="5334" status="PASS">
          <reporter-output>
          </reporter-output>
        </test-method> <!-- deleteComment -->
        <test-method is-config="true" signature="Logout()[pri:0, instance:Tests.BuzzTest@742d4e15]" started-at="2025-05-18T12:21:25 EEST" name="Logout" finished-at="2025-05-18T12:21:27 EEST" duration-ms="1213" status="PASS">
          <reporter-output>
          </reporter-output>
        </test-method> <!-- Logout -->
        <test-method is-config="true" signature="CloseBrowser()[pri:0, instance:Tests.BuzzTest@742d4e15]" started-at="2025-05-18T12:21:27 EEST" name="CloseBrowser" finished-at="2025-05-18T12:21:27 EEST" duration-ms="261" status="PASS">
          <reporter-output>
          </reporter-output>
        </test-method> <!-- CloseBrowser -->
      </class> <!-- Tests.BuzzTest -->
      <class name="Tests.PerformanceTest">
        <test-method is-config="true" signature="Setup()[pri:0, instance:Tests.PerformanceTest@894858]" started-at="2025-05-18T12:22:32 EEST" name="Setup" finished-at="2025-05-18T12:22:33 EEST" duration-ms="1100" status="PASS">
          <reporter-output>
          </reporter-output>
        </test-method> <!-- Setup -->
        <test-method is-config="true" signature="OpenUrl()[pri:0, instance:Tests.PerformanceTest@894858]" started-at="2025-05-18T12:22:33 EEST" name="OpenUrl" finished-at="2025-05-18T12:22:35 EEST" duration-ms="2149" status="PASS">
          <reporter-output>
          </reporter-output>
        </test-method> <!-- OpenUrl -->
        <test-method is-config="true" signature="Login()[pri:0, instance:Tests.PerformanceTest@894858]" started-at="2025-05-18T12:22:35 EEST" name="Login" finished-at="2025-05-18T12:22:37 EEST" duration-ms="2628" status="PASS">
          <reporter-output>
          </reporter-output>
        </test-method> <!-- Login -->
        <test-method signature="AddAPKTest()[pri:1, instance:Tests.PerformanceTest@894858]" started-at="2025-05-18T12:22:37 EEST" name="AddAPKTest" finished-at="2025-05-18T12:22:42 EEST" duration-ms="4671" status="PASS">
          <reporter-output>
          </reporter-output>
        </test-method> <!-- AddAPKTest -->
        <test-method is-config="true" signature="Logout()[pri:0, instance:Tests.PerformanceTest@894858]" started-at="2025-05-18T12:22:42 EEST" name="Logout" finished-at="2025-05-18T12:22:43 EEST" duration-ms="1216" status="PASS">
          <reporter-output>
          </reporter-output>
        </test-method> <!-- Logout -->
        <test-method is-config="true" signature="OpenUrl()[pri:0, instance:Tests.PerformanceTest@894858]" started-at="2025-05-18T12:22:53 EEST" name="OpenUrl" finished-at="2025-05-18T12:22:53 EEST" duration-ms="433" status="PASS">
          <reporter-output>
          </reporter-output>
        </test-method> <!-- OpenUrl -->
        <test-method is-config="true" signature="Login()[pri:0, instance:Tests.PerformanceTest@894858]" started-at="2025-05-18T12:22:53 EEST" name="Login" finished-at="2025-05-18T12:22:56 EEST" duration-ms="2123" status="PASS">
          <reporter-output>
          </reporter-output>
        </test-method> <!-- Login -->
        <test-method signature="SearchForKPITest()[pri:2, instance:Tests.PerformanceTest@894858]" started-at="2025-05-18T12:22:56 EEST" name="SearchForKPITest" finished-at="2025-05-18T12:22:59 EEST" duration-ms="3504" status="PASS">
          <reporter-output>
          </reporter-output>
        </test-method> <!-- SearchForKPITest -->
        <test-method is-config="true" signature="Logout()[pri:0, instance:Tests.PerformanceTest@894858]" started-at="2025-05-18T12:22:59 EEST" name="Logout" finished-at="2025-05-18T12:23:00 EEST" duration-ms="1184" status="PASS">
          <reporter-output>
          </reporter-output>
        </test-method> <!-- Logout -->
        <test-method is-config="true" signature="CloseBrowser()[pri:0, instance:Tests.PerformanceTest@894858]" started-at="2025-05-18T12:23:00 EEST" name="CloseBrowser" finished-at="2025-05-18T12:23:00 EEST" duration-ms="263" status="PASS">
          <reporter-output>
          </reporter-output>
        </test-method> <!-- CloseBrowser -->
      </class> <!-- Tests.PerformanceTest -->
      <class name="Tests.RecruitmentPageTest">
        <test-method is-config="true" signature="Setup()[pri:0, instance:Tests.RecruitmentPageTest@3b2c0e88]" started-at="2025-05-18T12:18:17 EEST" name="Setup" finished-at="2025-05-18T12:18:18 EEST" duration-ms="1137" status="PASS">
          <reporter-output>
          </reporter-output>
        </test-method> <!-- Setup -->
        <test-method is-config="true" signature="OpenUrl()[pri:0, instance:Tests.RecruitmentPageTest@3b2c0e88]" started-at="2025-05-18T12:18:18 EEST" name="OpenUrl" finished-at="2025-05-18T12:18:20 EEST" duration-ms="2083" status="PASS">
          <reporter-output>
          </reporter-output>
        </test-method> <!-- OpenUrl -->
        <test-method signature="InvalidSearchCandidateTestCase()[pri:0, instance:Tests.RecruitmentPageTest@3b2c0e88]" started-at="2025-05-18T12:18:20 EEST" name="InvalidSearchCandidateTestCase" finished-at="2025-05-18T12:18:25 EEST" duration-ms="5274" status="PASS">
          <reporter-output>
          </reporter-output>
        </test-method> <!-- InvalidSearchCandidateTestCase -->
        <test-method is-config="true" signature="Logout()[pri:0, instance:Tests.RecruitmentPageTest@3b2c0e88]" started-at="2025-05-18T12:18:25 EEST" name="Logout" finished-at="2025-05-18T12:18:27 EEST" duration-ms="1222" status="PASS">
          <reporter-output>
          </reporter-output>
        </test-method> <!-- Logout -->
        <test-method is-config="true" signature="OpenUrl()[pri:0, instance:Tests.RecruitmentPageTest@3b2c0e88]" started-at="2025-05-18T12:18:27 EEST" name="OpenUrl" finished-at="2025-05-18T12:18:27 EEST" duration-ms="420" status="PASS">
          <reporter-output>
          </reporter-output>
        </test-method> <!-- OpenUrl -->
        <test-method signature="ValidSearchCandidateTestCase()[pri:0, instance:Tests.RecruitmentPageTest@3b2c0e88]" started-at="2025-05-18T12:18:27 EEST" name="ValidSearchCandidateTestCase" finished-at="2025-05-18T12:18:32 EEST" duration-ms="5107" status="PASS">
          <reporter-output>
          </reporter-output>
        </test-method> <!-- ValidSearchCandidateTestCase -->
        <test-method is-config="true" signature="Logout()[pri:0, instance:Tests.RecruitmentPageTest@3b2c0e88]" started-at="2025-05-18T12:18:32 EEST" name="Logout" finished-at="2025-05-18T12:18:33 EEST" duration-ms="1196" status="PASS">
          <reporter-output>
          </reporter-output>
        </test-method> <!-- Logout -->
        <test-method is-config="true" signature="OpenUrl()[pri:0, instance:Tests.RecruitmentPageTest@3b2c0e88]" started-at="2025-05-18T12:18:33 EEST" name="OpenUrl" finished-at="2025-05-18T12:18:34 EEST" duration-ms="420" status="PASS">
          <reporter-output>
          </reporter-output>
        </test-method> <!-- OpenUrl -->
        <test-method signature="ResetButtonTestCase()[pri:0, instance:Tests.RecruitmentPageTest@3b2c0e88]" started-at="2025-05-18T12:18:34 EEST" name="ResetButtonTestCase" finished-at="2025-05-18T12:18:39 EEST" duration-ms="4885" status="PASS">
          <reporter-output>
          </reporter-output>
        </test-method> <!-- ResetButtonTestCase -->
        <test-method is-config="true" signature="Logout()[pri:0, instance:Tests.RecruitmentPageTest@3b2c0e88]" started-at="2025-05-18T12:18:39 EEST" name="Logout" finished-at="2025-05-18T12:18:40 EEST" duration-ms="1472" status="PASS">
          <reporter-output>
          </reporter-output>
        </test-method> <!-- Logout -->
        <test-method is-config="true" signature="CloseBrowser()[pri:0, instance:Tests.RecruitmentPageTest@3b2c0e88]" started-at="2025-05-18T12:18:40 EEST" name="CloseBrowser" finished-at="2025-05-18T12:18:40 EEST" duration-ms="223" status="PASS">
          <reporter-output>
          </reporter-output>
        </test-method> <!-- CloseBrowser -->
      </class> <!-- Tests.RecruitmentPageTest -->
      <class name="Tests.AdminTest">
        <test-method is-config="true" signature="Setup()[pri:0, instance:Tests.AdminTest@c1bd0be]" started-at="2025-05-18T12:19:05 EEST" name="Setup" finished-at="2025-05-18T12:19:06 EEST" duration-ms="1303" status="PASS">
          <reporter-output>
          </reporter-output>
        </test-method> <!-- Setup -->
        <test-method is-config="true" signature="OpenUrl()[pri:0, instance:Tests.AdminTest@c1bd0be]" started-at="2025-05-18T12:19:06 EEST" name="OpenUrl" finished-at="2025-05-18T12:19:09 EEST" duration-ms="2280" status="PASS">
          <reporter-output>
          </reporter-output>
        </test-method> <!-- OpenUrl -->
        <test-method signature="addUserTestCase()[pri:0, instance:Tests.AdminTest@c1bd0be]" started-at="2025-05-18T12:19:09 EEST" name="addUserTestCase" finished-at="2025-05-18T12:19:27 EEST" duration-ms="18778" status="PASS">
          <reporter-output>
          </reporter-output>
        </test-method> <!-- addUserTestCase -->
        <test-method is-config="true" signature="Logout()[pri:0, instance:Tests.AdminTest@c1bd0be]" started-at="2025-05-18T12:19:27 EEST" name="Logout" finished-at="2025-05-18T12:19:29 EEST" duration-ms="1311" status="PASS">
          <reporter-output>
          </reporter-output>
        </test-method> <!-- Logout -->
        <test-method is-config="true" signature="OpenUrl()[pri:0, instance:Tests.AdminTest@c1bd0be]" started-at="2025-05-18T12:19:29 EEST" name="OpenUrl" finished-at="2025-05-18T12:19:29 EEST" duration-ms="445" status="PASS">
          <reporter-output>
          </reporter-output>
        </test-method> <!-- OpenUrl -->
        <test-method signature="editUserTestCase()[pri:0, instance:Tests.AdminTest@c1bd0be]" started-at="2025-05-18T12:19:29 EEST" name="editUserTestCase" finished-at="2025-05-18T12:19:36 EEST" duration-ms="7100" status="PASS">
          <reporter-output>
          </reporter-output>
        </test-method> <!-- editUserTestCase -->
        <test-method is-config="true" signature="Logout()[pri:0, instance:Tests.AdminTest@c1bd0be]" started-at="2025-05-18T12:19:36 EEST" name="Logout" finished-at="2025-05-18T12:19:38 EEST" duration-ms="1327" status="PASS">
          <reporter-output>
          </reporter-output>
        </test-method> <!-- Logout -->
        <test-method is-config="true" signature="OpenUrl()[pri:0, instance:Tests.AdminTest@c1bd0be]" started-at="2025-05-18T12:19:38 EEST" name="OpenUrl" finished-at="2025-05-18T12:19:38 EEST" duration-ms="493" status="PASS">
          <reporter-output>
          </reporter-output>
        </test-method> <!-- OpenUrl -->
        <test-method signature="deleteUserTestCase()[pri:0, instance:Tests.AdminTest@c1bd0be]" started-at="2025-05-18T12:19:38 EEST" name="deleteUserTestCase" finished-at="2025-05-18T12:19:43 EEST" duration-ms="5276" status="PASS">
          <reporter-output>
          </reporter-output>
        </test-method> <!-- deleteUserTestCase -->
        <test-method is-config="true" signature="Logout()[pri:0, instance:Tests.AdminTest@c1bd0be]" started-at="2025-05-18T12:19:43 EEST" name="Logout" finished-at="2025-05-18T12:19:45 EEST" duration-ms="1348" status="PASS">
          <reporter-output>
          </reporter-output>
        </test-method> <!-- Logout -->
        <test-method is-config="true" signature="CloseBrowser()[pri:0, instance:Tests.AdminTest@c1bd0be]" started-at="2025-05-18T12:19:45 EEST" name="CloseBrowser" finished-at="2025-05-18T12:19:45 EEST" duration-ms="246" status="PASS">
          <reporter-output>
          </reporter-output>
        </test-method> <!-- CloseBrowser -->
      </class> <!-- Tests.AdminTest -->
      <class name="Tests.PIMTest">
        <test-method is-config="true" signature="Setup()[pri:0, instance:Tests.PIMTest@388ba540]" started-at="2025-05-18T12:20:03 EEST" name="Setup" finished-at="2025-05-18T12:20:04 EEST" duration-ms="1071" status="PASS">
          <reporter-output>
          </reporter-output>
        </test-method> <!-- Setup -->
        <test-method is-config="true" signature="OpenUrl()[pri:0, instance:Tests.PIMTest@388ba540]" started-at="2025-05-18T12:20:04 EEST" name="OpenUrl" finished-at="2025-05-18T12:20:06 EEST" duration-ms="2229" status="PASS">
          <reporter-output>
          </reporter-output>
        </test-method> <!-- OpenUrl -->
        <test-method signature="addUserPIMTestCase()[pri:0, instance:Tests.PIMTest@388ba540]" started-at="2025-05-18T12:20:06 EEST" name="addUserPIMTestCase" finished-at="2025-05-18T12:20:24 EEST" duration-ms="18265" status="PASS">
          <reporter-output>
          </reporter-output>
        </test-method> <!-- addUserPIMTestCase -->
        <test-method is-config="true" signature="Logout()[pri:0, instance:Tests.PIMTest@388ba540]" started-at="2025-05-18T12:20:24 EEST" name="Logout" finished-at="2025-05-18T12:20:26 EEST" duration-ms="1370" status="PASS">
          <reporter-output>
          </reporter-output>
        </test-method> <!-- Logout -->
        <test-method is-config="true" signature="OpenUrl()[pri:0, instance:Tests.PIMTest@388ba540]" started-at="2025-05-18T12:20:26 EEST" name="OpenUrl" finished-at="2025-05-18T12:20:26 EEST" duration-ms="448" status="PASS">
          <reporter-output>
          </reporter-output>
        </test-method> <!-- OpenUrl -->
        <test-method signature="editUserTestCase()[pri:0, instance:Tests.PIMTest@388ba540]" started-at="2025-05-18T12:20:26 EEST" name="editUserTestCase" finished-at="2025-05-18T12:20:36 EEST" duration-ms="10131" status="PASS">
          <reporter-output>
          </reporter-output>
        </test-method> <!-- editUserTestCase -->
        <test-method is-config="true" signature="Logout()[pri:0, instance:Tests.PIMTest@388ba540]" started-at="2025-05-18T12:20:36 EEST" name="Logout" finished-at="2025-05-18T12:20:37 EEST" duration-ms="1233" status="PASS">
          <reporter-output>
          </reporter-output>
        </test-method> <!-- Logout -->
        <test-method is-config="true" signature="OpenUrl()[pri:0, instance:Tests.PIMTest@388ba540]" started-at="2025-05-18T12:20:37 EEST" name="OpenUrl" finished-at="2025-05-18T12:20:38 EEST" duration-ms="445" status="PASS">
          <reporter-output>
          </reporter-output>
        </test-method> <!-- OpenUrl -->
        <test-method signature="searchForEmployee()[pri:0, instance:Tests.PIMTest@388ba540]" started-at="2025-05-18T12:20:38 EEST" name="searchForEmployee" finished-at="2025-05-18T12:20:42 EEST" duration-ms="4171" status="PASS">
          <reporter-output>
          </reporter-output>
        </test-method> <!-- searchForEmployee -->
        <test-method is-config="true" signature="Logout()[pri:0, instance:Tests.PIMTest@388ba540]" started-at="2025-05-18T12:20:42 EEST" name="Logout" finished-at="2025-05-18T12:20:43 EEST" duration-ms="1200" status="PASS">
          <reporter-output>
          </reporter-output>
        </test-method> <!-- Logout -->
        <test-method is-config="true" signature="CloseBrowser()[pri:0, instance:Tests.PIMTest@388ba540]" started-at="2025-05-18T12:20:43 EEST" name="CloseBrowser" finished-at="2025-05-18T12:20:44 EEST" duration-ms="243" status="PASS">
          <reporter-output>
          </reporter-output>
        </test-method> <!-- CloseBrowser -->
      </class> <!-- Tests.PIMTest -->
      <class name="Tests.LoginTest">
        <test-method is-config="true" signature="Setup()[pri:0, instance:Tests.LoginTest@7c541c15]" started-at="2025-05-18T12:18:10 EEST" name="Setup" finished-at="2025-05-18T12:18:12 EEST" duration-ms="1922" status="PASS">
          <reporter-output>
          </reporter-output>
        </test-method> <!-- Setup -->
        <test-method is-config="true" signature="OpenUrl()[pri:0, instance:Tests.LoginTest@7c541c15]" started-at="2025-05-18T12:18:12 EEST" name="OpenUrl" finished-at="2025-05-18T12:18:14 EEST" duration-ms="2342" status="PASS">
          <reporter-output>
          </reporter-output>
        </test-method> <!-- OpenUrl -->
        <test-method signature="ValidLoginTest()[pri:0, instance:Tests.LoginTest@7c541c15]" started-at="2025-05-18T12:18:14 EEST" name="ValidLoginTest" finished-at="2025-05-18T12:18:17 EEST" duration-ms="2499" status="PASS">
          <reporter-output>
          </reporter-output>
        </test-method> <!-- ValidLoginTest -->
        <test-method is-config="true" signature="CloseBrowser()[pri:0, instance:Tests.LoginTest@7c541c15]" started-at="2025-05-18T12:18:17 EEST" name="CloseBrowser" finished-at="2025-05-18T12:18:17 EEST" duration-ms="228" status="PASS">
          <reporter-output>
          </reporter-output>
        </test-method> <!-- CloseBrowser -->
      </class> <!-- Tests.LoginTest -->
    </test> <!-- C:\Users\am614\IdeaProjects\Automation_Testing_opensource-demo.orangehrmlive.com -->
  </suite> <!-- All Test Suite -->
</testng-results>
