<?xml version="1.0" encoding="UTF-8"?>
<testsuite xmlns:xsi="http://www.w3.org/2001/XMLSchema-instance" xsi:noNamespaceSchemaLocation="https://maven.apache.org/surefire/maven-surefire-plugin/xsd/surefire-test-report-3.0.xsd" version="3.0" name="TestSuite" time="292.603" tests="29" errors="0" skipped="0" failures="0">
  <properties>
[...]
</properties>
  <testcase name="ValidLoginTest" classname="Tests.LoginTest" time="2.51">
    <system-out><![CDATA[2025-05-18 12:18:12,087 [TestNG-tests-1] INFO : ✅ Driver Setup Successfully
2025-05-18 12:18:12,094 [TestNG-tests-1] INFO : ✅ Browser Opened Successfully Successfully
2025-05-18 12:18:14,484 [TestNG-tests-1] INFO : ✅ Navigated to the site successfully
2025-05-18 12:18:14,632 [TestNG-tests-1] INFO : 🚀 🚀 🚀 Starting Login Test
2025-05-18 12:18:17,091 [TestNG-tests-1] DEBUG: ✅✅✅ Login Test Completed Successfully
]]></system-out>
    <system-err><![CDATA[SLF4J: Failed to load class "org.slf4j.impl.StaticLoggerBinder".
SLF4J: Defaulting to no-operation (NOP) logger implementation
SLF4J: See http://www.slf4j.org/codes.html#StaticLoggerBinder for further details.
May 18, 2025 12:18:12 PM org.openqa.selenium.devtools.CdpVersionFinder findNearestMatch
WARNING: Unable to find an exact match for CDP version 136, returning the closest version; found: 135; Please update to a Selenium version that supports CDP version 136
]]></system-err>
  </testcase>
  <testcase name="InvalidSearchCandidateTestCase" classname="Tests.RecruitmentPageTest" time="5.274">
    <system-out><![CDATA[2025-05-18 12:18:17,334 [TestNG-tests-1] INFO : ✅ Browser Closed Successfully
2025-05-18 12:18:18,473 [TestNG-tests-1] INFO : ✅ Driver Setup Successfully
2025-05-18 12:18:18,473 [TestNG-tests-1] INFO : ✅ Browser Opened Successfully Successfully
2025-05-18 12:18:20,557 [TestNG-tests-1] INFO : ✅ Navigated to the site successfully
2025-05-18 12:18:20,562 [TestNG-tests-1] INFO : Recruitment Module ➡️ 🚀🚀🚀 Start Login For Invalid Search Candidate TestCase
2025-05-18 12:18:22,895 [TestNG-tests-1] INFO : Recruitment Page Object Created...
2025-05-18 12:18:23,614 [TestNG-tests-1] DEBUG: Recruitment Button is Clicked..
2025-05-18 12:18:24,669 [TestNG-tests-1] DEBUG: Value Entered to Status..
2025-05-18 12:18:24,740 [TestNG-tests-1] DEBUG: Value Entered to Candidate Name..
2025-05-18 12:18:24,811 [TestNG-tests-1] DEBUG: Value Entered to Keywordse..
2025-05-18 12:18:24,916 [TestNG-tests-1] DEBUG: Value Entered to FromDate..
2025-05-18 12:18:25,006 [TestNG-tests-1] DEBUG: Value Entered to ToDate..
2025-05-18 12:18:25,173 [TestNG-tests-1] DEBUG: Value Entered to Method Of Application..
2025-05-18 12:18:25,265 [TestNG-tests-1] DEBUG: Search Button is clicked..
2025-05-18 12:18:25,833 [TestNG-tests-1] DEBUG: Recruitment module ➡️ ✅✅✅ Invalid Search Candidate TestCase Completed
]]></system-out>
    <system-err><![CDATA[May 18, 2025 12:18:18 PM org.openqa.selenium.devtools.CdpVersionFinder findNearestMatch
WARNING: Unable to find an exact match for CDP version 136, returning the closest version; found: 135; Please update to a Selenium version that supports CDP version 136
]]></system-err>
  </testcase>
  <testcase name="ValidSearchCandidateTestCase" classname="Tests.RecruitmentPageTest" time="5.107">
    <system-out><![CDATA[2025-05-18 12:18:25,835 [TestNG-tests-1] INFO : Time Module ➡️ 🚀🚀🚀 Login Out
2025-05-18 12:18:27,057 [TestNG-tests-1] DEBUG: Time module ➡️ ✅✅✅ Logout Completed
2025-05-18 12:18:27,479 [TestNG-tests-1] INFO : ✅ Navigated to the site successfully
2025-05-18 12:18:27,483 [TestNG-tests-1] INFO : Recruitment Module ➡️ 🚀🚀🚀 Start Login For Valid Search Candidate TestCase 
2025-05-18 12:18:29,648 [TestNG-tests-1] INFO : Recruitment Page Object Created...
2025-05-18 12:18:30,479 [TestNG-tests-1] DEBUG: Recruitment Button is Clicked..
2025-05-18 12:18:31,356 [TestNG-tests-1] DEBUG: Value Entered to Vacancy..
2025-05-18 12:18:31,549 [TestNG-tests-1] DEBUG: Value Entered to Status..
2025-05-18 12:18:31,617 [TestNG-tests-1] DEBUG: Value Entered to Candidate Name..
2025-05-18 12:18:31,681 [TestNG-tests-1] DEBUG: Value Entered to Keywordse..
2025-05-18 12:18:31,746 [TestNG-tests-1] DEBUG: Value Entered to FromDate..
2025-05-18 12:18:31,814 [TestNG-tests-1] DEBUG: Value Entered to ToDate..
2025-05-18 12:18:31,944 [TestNG-tests-1] DEBUG: Value Entered to Method Of Application..
2025-05-18 12:18:32,028 [TestNG-tests-1] DEBUG: Search Button is clicked..
2025-05-18 12:18:32,587 [TestNG-tests-1] DEBUG: Recruitment module ➡️ ✅✅✅ Valid Search Candidate TestCase Completed
]]></system-out>
  </testcase>
  <testcase name="ResetButtonTestCase" classname="Tests.RecruitmentPageTest" time="4.887">
    <system-out><![CDATA[2025-05-18 12:18:32,590 [TestNG-tests-1] INFO : Time Module ➡️ 🚀🚀🚀 Login Out
2025-05-18 12:18:33,784 [TestNG-tests-1] DEBUG: Time module ➡️ ✅✅✅ Logout Completed
2025-05-18 12:18:34,207 [TestNG-tests-1] INFO : ✅ Navigated to the site successfully
2025-05-18 12:18:34,212 [TestNG-tests-1] INFO : Recruitment Module ➡️ 🚀🚀🚀 Start Login For Reset Button TestCase
2025-05-18 12:18:36,787 [TestNG-tests-1] INFO : Recruitment Page Object Created...
2025-05-18 12:18:37,624 [TestNG-tests-1] DEBUG: Recruitment Button is Clicked..
2025-05-18 12:18:38,517 [TestNG-tests-1] DEBUG: Value Entered to Candidate Name..
2025-05-18 12:18:38,577 [TestNG-tests-1] DEBUG: Value Entered to Keywordse..
2025-05-18 12:18:38,670 [TestNG-tests-1] DEBUG: Value Entered to FromDate..
2025-05-18 12:18:38,859 [TestNG-tests-1] DEBUG: Value Entered to ToDate..
2025-05-18 12:18:38,981 [TestNG-tests-1] DEBUG: Value Entered to Method Of Application..
2025-05-18 12:18:39,077 [TestNG-tests-1] DEBUG: Reset Button is clicked..
✅ JobTitle field is clear.
2025-05-18 12:18:39,094 [TestNG-tests-1] DEBUG: Recruitment module ➡️ ✅✅✅ Reset Button TestCase Completed
]]></system-out>
  </testcase>
  <testcase name="ValidEditTestCase" classname="Tests.MyInfoPageTest" time="20.24">
    <system-out><![CDATA[2025-05-18 12:18:39,096 [TestNG-tests-1] INFO : Time Module ➡️ 🚀🚀🚀 Login Out
2025-05-18 12:18:40,568 [TestNG-tests-1] DEBUG: Time module ➡️ ✅✅✅ Logout Completed
2025-05-18 12:18:40,792 [TestNG-tests-1] INFO : ✅ Browser Closed Successfully
2025-05-18 12:18:41,950 [TestNG-tests-1] INFO : ✅ Driver Setup Successfully
2025-05-18 12:18:41,950 [TestNG-tests-1] INFO : ✅ Browser Opened Successfully Successfully
2025-05-18 12:18:45,019 [TestNG-tests-1] INFO : ✅ Navigated to the site successfully
2025-05-18 12:18:45,026 [TestNG-tests-1] INFO : My Info Module ➡️ 🚀🚀🚀 Start Login For Valid Edit TestCase
2025-05-18 12:18:49,959 [TestNG-tests-1] INFO : Recruitment Page Object Created...
2025-05-18 12:18:51,921 [TestNG-tests-1] DEBUG: My Info Link is Selected..
2025-05-18 12:18:54,135 [TestNG-tests-1] DEBUG: Value Entered to FirstName..
2025-05-18 12:18:54,290 [TestNG-tests-1] DEBUG: Value Entered to LastName..
2025-05-18 12:18:54,413 [TestNG-tests-1] DEBUG: Male Button is Selected..
2025-05-18 12:18:54,645 [TestNG-tests-1] DEBUG: Value Entered to Blood Type..
2025-05-18 12:19:05,262 [TestNG-tests-1] DEBUG: ContactDetails Link is Selected..
2025-05-18 12:19:05,262 [TestNG-tests-1] DEBUG: My Info module ➡️ ✅✅✅ Valid Edit TestCase Completed
]]></system-out>
    <system-err><![CDATA[May 18, 2025 12:18:41 PM org.openqa.selenium.devtools.CdpVersionFinder findNearestMatch
WARNING: Unable to find an exact match for CDP version 136, returning the closest version; found: 135; Please update to a Selenium version that supports CDP version 136
]]></system-err>
  </testcase>
  <testcase name="addUserTestCase" classname="Tests.AdminTest" time="18.778">
    <system-out><![CDATA[2025-05-18 12:19:05,487 [TestNG-tests-1] INFO : ✅ Browser Closed Successfully
2025-05-18 12:19:06,791 [TestNG-tests-1] INFO : ✅ Driver Setup Successfully
2025-05-18 12:19:06,791 [TestNG-tests-1] INFO : ✅ Browser Opened Successfully Successfully
2025-05-18 12:19:09,072 [TestNG-tests-1] INFO : ✅ Navigated to the site successfully
2025-05-18 12:19:09,077 [TestNG-tests-1] INFO : Admin Module ➡️ 🚀🚀🚀 Starting Add User Test
2025-05-18 12:19:12,473 [TestNG-tests-1] DEBUG: Admin Module: Click On Admin Button
2025-05-18 12:19:13,452 [TestNG-tests-1] DEBUG: Add User In Admin Module: Click On Add Button
2025-05-18 12:19:14,110 [TestNG-tests-1] DEBUG: Add User In Admin Module: Select User Role
2025-05-18 12:19:14,231 [TestNG-tests-1] DEBUG: Add User In Admin Module: Select Status
2025-05-18 12:19:15,936 [TestNG-tests-1] DEBUG: Add User In Admin Module: Set Employee Name - First option selected
2025-05-18 12:19:16,057 [TestNG-tests-1] DEBUG: Add User In Admin Module: Set Admin Name
2025-05-18 12:19:26,152 [TestNG-tests-1] DEBUG: Add User In Admin Module: Set Admin Password
2025-05-18 12:19:26,246 [TestNG-tests-1] DEBUG: Add User In Admin Module: Set Admin cofirmation Password
2025-05-18 12:19:26,289 [TestNG-tests-1] DEBUG: Add User In Admin Module: Click On Save Button
2025-05-18 12:19:27,838 [TestNG-tests-1] DEBUG: Add User In Admin Module: Verification of Add Message is displayed
2025-05-18 12:19:27,852 [TestNG-tests-1] DEBUG: Admin module ➡️ ✅✅✅ Add User Test Completed Successfully
]]></system-out>
    <system-err><![CDATA[May 18, 2025 12:19:06 PM org.openqa.selenium.devtools.CdpVersionFinder findNearestMatch
WARNING: Unable to find an exact match for CDP version 136, returning the closest version; found: 135; Please update to a Selenium version that supports CDP version 136
]]></system-err>
  </testcase>
  <testcase name="editUserTestCase" classname="Tests.AdminTest" time="7.103">
    <system-out><![CDATA[2025-05-18 12:19:27,854 [TestNG-tests-1] INFO : Time Module ➡️ 🚀🚀🚀 Login Out
2025-05-18 12:19:29,164 [TestNG-tests-1] DEBUG: Time module ➡️ ✅✅✅ Logout Completed
2025-05-18 12:19:29,611 [TestNG-tests-1] INFO : ✅ Navigated to the site successfully
2025-05-18 12:19:29,615 [TestNG-tests-1] INFO : Admin Module ➡️ 🚀🚀🚀 Starting Edit User Test
2025-05-18 12:19:32,895 [TestNG-tests-1] DEBUG: Admin Module: Click On Admin Button
2025-05-18 12:19:34,307 [TestNG-tests-1] DEBUG: Edite User In Admin Module: Click On Edite Button
2025-05-18 12:19:34,915 [TestNG-tests-1] DEBUG: Edit User In Admin Module: Click On Password Checkbox
2025-05-18 12:19:35,005 [TestNG-tests-1] DEBUG: Edit User In Admin Module: Set Admin Password
2025-05-18 12:19:35,097 [TestNG-tests-1] DEBUG: Edit User In Admin Module: Set Admin Confirmation Password
2025-05-18 12:19:35,133 [TestNG-tests-1] DEBUG: Edit User In Admin Module: Click On Save Button
2025-05-18 12:19:36,687 [TestNG-tests-1] DEBUG: Edit User In Admin Module: Verifiaction of Save Message
2025-05-18 12:19:36,713 [TestNG-tests-1] DEBUG: Admin module ➡️ ✅✅✅ Edit User Test Completed Successfully
]]></system-out>
  </testcase>
  <testcase name="deleteUserTestCase" classname="Tests.AdminTest" time="5.277">
    <system-out><![CDATA[2025-05-18 12:19:36,717 [TestNG-tests-1] INFO : Time Module ➡️ 🚀🚀🚀 Login Out
2025-05-18 12:19:38,043 [TestNG-tests-1] DEBUG: Time module ➡️ ✅✅✅ Logout Completed
2025-05-18 12:19:38,538 [TestNG-tests-1] INFO : ✅ Navigated to the site successfully
2025-05-18 12:19:38,542 [TestNG-tests-1] INFO : Admin Module ➡️ 🚀🚀🚀 Starting Delete User Test
2025-05-18 12:19:41,549 [TestNG-tests-1] DEBUG: Admin Module: Click On Admin Button
2025-05-18 12:19:42,663 [TestNG-tests-1] DEBUG: Delete User In Admin Module: Click On Delete Button
2025-05-18 12:19:43,271 [TestNG-tests-1] DEBUG: Delete User In Admin Module: Click On Delete Button Alert
2025-05-18 12:19:43,797 [TestNG-tests-1] DEBUG: Delete User In Admin Module: Verification of Delete Message is displayed
2025-05-18 12:19:43,815 [TestNG-tests-1] DEBUG: Admin module ➡️ ✅✅✅ Delete User Test Completed Successfully
]]></system-out>
  </testcase>
  <testcase name="resultVacationSearchedTestCase" classname="Tests.LeavePageTest" time="14.298">
    <system-out><![CDATA[2025-05-18 12:19:43,817 [TestNG-tests-1] INFO : Time Module ➡️ 🚀🚀🚀 Login Out
2025-05-18 12:19:45,165 [TestNG-tests-1] DEBUG: Time module ➡️ ✅✅✅ Logout Completed
2025-05-18 12:19:45,412 [TestNG-tests-1] INFO : ✅ Browser Closed Successfully
2025-05-18 12:19:46,518 [TestNG-tests-1] INFO : ✅ Driver Setup Successfully
2025-05-18 12:19:46,518 [TestNG-tests-1] INFO : ✅ Browser Opened Successfully Successfully
2025-05-18 12:19:48,695 [TestNG-tests-1] INFO : ✅ Navigated to the site successfully
2025-05-18 12:19:48,700 [TestNG-tests-1] INFO : Leave Module ➡️ 🚀🚀🚀 Starting Search Leave Test
2025-05-18 12:19:52,146 [TestNG-tests-1] DEBUG: Search User In Leave Module: Click On Leave Button
2025-05-18 12:19:52,848 [TestNG-tests-1] DEBUG: Search User In Leave Module: Set Show With Leave With Status
2025-05-18 12:19:52,945 [TestNG-tests-1] DEBUG: Search User In Leave Module: Click On Search Button
Error waiting for results: Expected condition failed: waiting for Pages.LeavePage$$Lambda/0x000002649b351230@3086ba54 (tried for 10 second(s) with 500 milliseconds interval)
Build info: version: '4.31.0', revision: '1ef9f18787*'
System info: os.name: 'Windows 10', os.arch: 'amd64', os.version: '10.0', java.version: '24'
Driver info: org.openqa.selenium.chrome.ChromeDriver
Capabilities {acceptInsecureCerts: false, browserName: chrome, browserVersion: 136.0.7103.114, chrome: {chromedriverVersion: 136.0.7103.94 (fa0be0b33deb..., userDataDir: C:\Users\am614\AppData\Loca...}, fedcm:accounts: true, goog:chromeOptions: {debuggerAddress: localhost:49824}, networkConnectionEnabled: false, pageLoadStrategy: normal, platformName: windows, proxy: Proxy(), se:cdp: ws://localhost:49824/devtoo..., se:cdpVersion: 136.0.7103.114, setWindowRect: true, strictFileInteractability: false, timeouts: {implicit: 0, pageLoad: 300000, script: 30000}, unhandledPromptBehavior: dismiss and notify, webauthn:extension:credBlob: true, webauthn:extension:largeBlob: true, webauthn:extension:minPinLength: true, webauthn:extension:prf: true, webauthn:virtualAuthenticators: true}
Session ID: 082c979a0cddfe913140f7240209846c
After Search: 0
2025-05-18 12:20:02,994 [TestNG-tests-1] DEBUG: Search User In Leave Module: Verification Of Search Results
2025-05-18 12:20:02,994 [TestNG-tests-1] DEBUG: Leave module ➡️ ✅✅✅ Search Leave Test Completed Successfully
]]></system-out>
    <system-err><![CDATA[May 18, 2025 12:19:46 PM org.openqa.selenium.devtools.CdpVersionFinder findNearestMatch
WARNING: Unable to find an exact match for CDP version 136, returning the closest version; found: 135; Please update to a Selenium version that supports CDP version 136
]]></system-err>
  </testcase>
  <testcase name="addUserPIMTestCase" classname="Tests.PIMTest" time="18.268">
    <system-out><![CDATA[2025-05-18 12:20:03,226 [TestNG-tests-1] INFO : ✅ Browser Closed Successfully
2025-05-18 12:20:04,298 [TestNG-tests-1] INFO : ✅ Driver Setup Successfully
2025-05-18 12:20:04,298 [TestNG-tests-1] INFO : ✅ Browser Opened Successfully Successfully
2025-05-18 12:20:06,527 [TestNG-tests-1] INFO : ✅ Navigated to the site successfully
2025-05-18 12:20:06,532 [TestNG-tests-1] INFO : PIM Module ➡️ 🚀🚀🚀 Starting Add User Test
2025-05-18 12:20:09,877 [TestNG-tests-1] DEBUG: PIM Module: Click On PIM Button
2025-05-18 12:20:10,776 [TestNG-tests-1] DEBUG: Add User In PIM Module: Click On Add User Button
2025-05-18 12:20:11,373 [TestNG-tests-1] DEBUG: Add User In PIM Module: Set First Name
2025-05-18 12:20:11,453 [TestNG-tests-1] DEBUG: Add User In PIM Module: Set Middle Name
2025-05-18 12:20:11,537 [TestNG-tests-1] DEBUG: Add User In PIM Module: Set Last Name
2025-05-18 12:20:12,201 [TestNG-tests-1] DEBUG: Add User In PIM Module: Set Employee ID
2025-05-18 12:20:12,309 [TestNG-tests-1] DEBUG: Add User In PIM Module: Create Login Details Fun
2025-05-18 12:20:12,406 [TestNG-tests-1] DEBUG: Add User In PIM Module: Set User Name
2025-05-18 12:20:22,516 [TestNG-tests-1] DEBUG: Add User In PIM Module: Set Enable Button
2025-05-18 12:20:22,602 [TestNG-tests-1] DEBUG: Add User In PIM Module: Set Employee Password
2025-05-18 12:20:22,691 [TestNG-tests-1] DEBUG: Add User In PIM Module: Set Employee Confirm Password
2025-05-18 12:20:22,721 [TestNG-tests-1] DEBUG: Add User In PIM Module: Click On Save Button
2025-05-18 12:20:24,779 [TestNG-tests-1] DEBUG: Edit User In PIM Module: Verifiaction of Save Message
2025-05-18 12:20:24,794 [TestNG-tests-1] DEBUG: PIM module ➡️ ✅✅✅ Add User Test Completed Successfully
]]></system-out>
    <system-err><![CDATA[May 18, 2025 12:20:04 PM org.openqa.selenium.devtools.CdpVersionFinder findNearestMatch
WARNING: Unable to find an exact match for CDP version 136, returning the closest version; found: 135; Please update to a Selenium version that supports CDP version 136
]]></system-err>
  </testcase>
  <testcase name="editUserTestCase" classname="Tests.PIMTest" time="10.132">
    <system-out><![CDATA[2025-05-18 12:20:24,797 [TestNG-tests-1] INFO : Time Module ➡️ 🚀🚀🚀 Login Out
2025-05-18 12:20:26,165 [TestNG-tests-1] DEBUG: Time module ➡️ ✅✅✅ Logout Completed
2025-05-18 12:20:26,617 [TestNG-tests-1] INFO : ✅ Navigated to the site successfully
2025-05-18 12:20:26,620 [TestNG-tests-1] INFO : PIM Module ➡️ 🚀🚀🚀 Starting Edit User Test
2025-05-18 12:20:31,079 [TestNG-tests-1] DEBUG: PIM Module: Click On PIM Button
2025-05-18 12:20:33,069 [TestNG-tests-1] DEBUG: PIM Module: Click On Edit Button
2025-05-18 12:20:34,364 [TestNG-tests-1] DEBUG: Edit User IN PIM Module: Set First Name User
2025-05-18 12:20:34,557 [TestNG-tests-1] DEBUG: Edit User IN PIM Module: Set Middle Name User
2025-05-18 12:20:34,730 [TestNG-tests-1] DEBUG: Edit User IN PIM Module: Set Last Name User
2025-05-18 12:20:34,867 [TestNG-tests-1] DEBUG: Edit User IN PIM Module: Set User ID
2025-05-18 12:20:35,003 [TestNG-tests-1] DEBUG: Edit User IN PIM Module: Set Other ID'S
2025-05-18 12:20:35,129 [TestNG-tests-1] DEBUG: Edit User IN PIM Module: Set Driver License Number
2025-05-18 12:20:35,267 [TestNG-tests-1] DEBUG: Edit User IN PIM Module: Set Licence Expiry Date
2025-05-18 12:20:35,433 [TestNG-tests-1] DEBUG: Edit User IN PIM Module: Click On Dropdown Of Nationality
2025-05-18 12:20:35,588 [TestNG-tests-1] DEBUG: Edit User IN PIM Module: Click On Dropdown Of Matrial Status
2025-05-18 12:20:35,722 [TestNG-tests-1] DEBUG: Edit User IN PIM Module: Set Date Of Birth
2025-05-18 12:20:35,823 [TestNG-tests-1] DEBUG: Edit User IN PIM Module: Set Female Gender
2025-05-18 12:20:35,909 [TestNG-tests-1] DEBUG: Edit User IN PIM Module: Click On Personal Info Save Button
2025-05-18 12:20:36,435 [TestNG-tests-1] DEBUG: Edit User In PIM Module: Verifiaction of Save Message In Personal Info
2025-05-18 12:20:36,622 [TestNG-tests-1] DEBUG: Edit User IN PIM Module: Click On Dropdown Of Blood Type
2025-05-18 12:20:36,718 [TestNG-tests-1] DEBUG: Edit User IN PIM Module: Click On Custom Field Save Button
2025-05-18 12:20:36,734 [TestNG-tests-1] DEBUG: Edit User In PIM Module: Verifiaction of Save Message In Custom Field
2025-05-18 12:20:36,748 [TestNG-tests-1] DEBUG: PIM module ➡️ ✅✅✅ Edit User Test Completed Successfully
]]></system-out>
  </testcase>
  <testcase name="searchForEmployee" classname="Tests.PIMTest" time="4.174">
    <system-out><![CDATA[2025-05-18 12:20:36,750 [TestNG-tests-1] INFO : Time Module ➡️ 🚀🚀🚀 Login Out
2025-05-18 12:20:37,982 [TestNG-tests-1] DEBUG: Time module ➡️ ✅✅✅ Logout Completed
2025-05-18 12:20:38,431 [TestNG-tests-1] INFO : ✅ Navigated to the site successfully
2025-05-18 12:20:38,435 [TestNG-tests-1] INFO : PIM Module ➡️ 🚀🚀🚀 Starting Search User Test
2025-05-18 12:20:41,349 [TestNG-tests-1] DEBUG: PIM Module: Click On PIM Button
2025-05-18 12:20:41,963 [TestNG-tests-1] DEBUG: PIM Module: Set Employee Name Search
Before Search: 0 Of Employees
2025-05-18 12:20:42,053 [TestNG-tests-1] DEBUG: Search About User PIM Module: Click On Search Button
After Search: 13 Of Employees
2025-05-18 12:20:42,604 [TestNG-tests-1] DEBUG: PIM module ➡️ ✅✅✅ Search User Test Completed Successfully
]]></system-out>
  </testcase>
  <testcase name="postPost" classname="Tests.BuzzTest" time="4.474">
    <system-out><![CDATA[2025-05-18 12:20:42,606 [TestNG-tests-1] INFO : Time Module ➡️ 🚀🚀🚀 Login Out
2025-05-18 12:20:43,804 [TestNG-tests-1] DEBUG: Time module ➡️ ✅✅✅ Logout Completed
2025-05-18 12:20:44,049 [TestNG-tests-1] INFO : ✅ Browser Closed Successfully
2025-05-18 12:20:45,207 [TestNG-tests-1] INFO : ✅ Driver Setup Successfully
2025-05-18 12:20:45,208 [TestNG-tests-1] INFO : ✅ Browser Opened Successfully Successfully
2025-05-18 12:20:50,235 [TestNG-tests-1] INFO : ✅ Navigated to the site successfully
]]></system-out>
    <system-err><![CDATA[May 18, 2025 12:20:45 PM org.openqa.selenium.devtools.CdpVersionFinder findNearestMatch
WARNING: Unable to find an exact match for CDP version 136, returning the closest version; found: 135; Please update to a Selenium version that supports CDP version 136
]]></system-err>
  </testcase>
  <testcase name="likePost" classname="Tests.BuzzTest" time="3.923">
    <system-out><![CDATA[2025-05-18 12:20:54,712 [TestNG-tests-1] INFO : Time Module ➡️ 🚀🚀🚀 Login Out
2025-05-18 12:20:55,962 [TestNG-tests-1] DEBUG: Time module ➡️ ✅✅✅ Logout Completed
2025-05-18 12:20:56,407 [TestNG-tests-1] INFO : ✅ Navigated to the site successfully
]]></system-out>
  </testcase>
  <testcase name="addComment" classname="Tests.BuzzTest" time="3.923">
    <system-out><![CDATA[2025-05-18 12:21:00,331 [TestNG-tests-1] INFO : Time Module ➡️ 🚀🚀🚀 Login Out
2025-05-18 12:21:01,672 [TestNG-tests-1] DEBUG: Time module ➡️ ✅✅✅ Logout Completed
2025-05-18 12:21:02,376 [TestNG-tests-1] INFO : ✅ Navigated to the site successfully
]]></system-out>
  </testcase>
  <testcase name="editComment" classname="Tests.BuzzTest" time="4.65">
    <system-out><![CDATA[2025-05-18 12:21:06,301 [TestNG-tests-1] INFO : Time Module ➡️ 🚀🚀🚀 Login Out
2025-05-18 12:21:07,546 [TestNG-tests-1] DEBUG: Time module ➡️ ✅✅✅ Logout Completed
2025-05-18 12:21:07,989 [TestNG-tests-1] INFO : ✅ Navigated to the site successfully
]]></system-out>
  </testcase>
  <testcase name="likeComment" classname="Tests.BuzzTest" time="4.549">
    <system-out><![CDATA[2025-05-18 12:21:12,640 [TestNG-tests-1] INFO : Time Module ➡️ 🚀🚀🚀 Login Out
2025-05-18 12:21:13,911 [TestNG-tests-1] DEBUG: Time module ➡️ ✅✅✅ Logout Completed
2025-05-18 12:21:14,324 [TestNG-tests-1] INFO : ✅ Navigated to the site successfully
]]></system-out>
  </testcase>
  <testcase name="deleteComment" classname="Tests.BuzzTest" time="5.336">
    <system-out><![CDATA[2025-05-18 12:21:18,877 [TestNG-tests-1] INFO : Time Module ➡️ 🚀🚀🚀 Login Out
2025-05-18 12:21:20,068 [TestNG-tests-1] DEBUG: Time module ➡️ ✅✅✅ Logout Completed
2025-05-18 12:21:20,496 [TestNG-tests-1] INFO : ✅ Navigated to the site successfully
2025-05-18 12:21:25,831 [TestNG-tests-1] DEBUG: Delete User In Admin Module: Click On Delete Button Alert
]]></system-out>
  </testcase>
  <testcase name="verifyRedirectToAssignLeaveTab" classname="Tests.DashboardTest" time="3.838">
    <system-out><![CDATA[2025-05-18 12:21:25,834 [TestNG-tests-1] INFO : Time Module ➡️ 🚀🚀🚀 Login Out
2025-05-18 12:21:27,046 [TestNG-tests-1] DEBUG: Time module ➡️ ✅✅✅ Logout Completed
2025-05-18 12:21:27,310 [TestNG-tests-1] INFO : ✅ Browser Closed Successfully
2025-05-18 12:21:28,406 [TestNG-tests-1] INFO : ✅ Driver Setup Successfully
2025-05-18 12:21:28,407 [TestNG-tests-1] INFO : ✅ Browser Opened Successfully Successfully
2025-05-18 12:21:31,236 [TestNG-tests-1] INFO : ✅ Navigated to the site successfully
]]></system-out>
    <system-err><![CDATA[May 18, 2025 12:21:28 PM org.openqa.selenium.devtools.CdpVersionFinder findNearestMatch
WARNING: Unable to find an exact match for CDP version 136, returning the closest version; found: 135; Please update to a Selenium version that supports CDP version 136
]]></system-err>
  </testcase>
  <testcase name="verifyRedirectToLeaveList" classname="Tests.DashboardTest" time="3.099">
    <system-out><![CDATA[2025-05-18 12:21:35,076 [TestNG-tests-1] INFO : Time Module ➡️ 🚀🚀🚀 Login Out
2025-05-18 12:21:36,788 [TestNG-tests-1] DEBUG: Time module ➡️ ✅✅✅ Logout Completed
2025-05-18 12:21:37,225 [TestNG-tests-1] INFO : ✅ Navigated to the site successfully
]]></system-out>
  </testcase>
  <testcase name="verifyRedirectToTimeSheetsTab" classname="Tests.DashboardTest" time="2.624">
    <system-out><![CDATA[2025-05-18 12:21:40,326 [TestNG-tests-1] INFO : Time Module ➡️ 🚀🚀🚀 Login Out
2025-05-18 12:21:42,002 [TestNG-tests-1] DEBUG: Time module ➡️ ✅✅✅ Logout Completed
2025-05-18 12:21:42,425 [TestNG-tests-1] INFO : ✅ Navigated to the site successfully
]]></system-out>
  </testcase>
  <testcase name="VerifyRedirectToApplyLeaveTab" classname="Tests.DashboardTest" time="2.788">
    <system-out><![CDATA[2025-05-18 12:21:45,052 [TestNG-tests-1] INFO : Time Module ➡️ 🚀🚀🚀 Login Out
2025-05-18 12:21:46,748 [TestNG-tests-1] DEBUG: Time module ➡️ ✅✅✅ Logout Completed
2025-05-18 12:21:47,352 [TestNG-tests-1] INFO : ✅ Navigated to the site successfully
]]></system-out>
  </testcase>
  <testcase name="dashboardEmployeeDistributionSubUnitTest" classname="Tests.DashboardTest" time="3.154">
    <system-out><![CDATA[2025-05-18 12:21:50,143 [TestNG-tests-1] INFO : Time Module ➡️ 🚀🚀🚀 Login Out
2025-05-18 12:21:51,880 [TestNG-tests-1] DEBUG: Time module ➡️ ✅✅✅ Logout Completed
2025-05-18 12:21:52,312 [TestNG-tests-1] INFO : ✅ Navigated to the site successfully
]]></system-out>
  </testcase>
  <testcase name="dashboardEmployeeDistributionLocationTest" classname="Tests.DashboardTest" time="3.29">
    <system-out><![CDATA[2025-05-18 12:21:55,468 [TestNG-tests-1] INFO : Time Module ➡️ 🚀🚀🚀 Login Out
2025-05-18 12:21:56,769 [TestNG-tests-1] DEBUG: Time module ➡️ ✅✅✅ Logout Completed
2025-05-18 12:21:57,380 [TestNG-tests-1] INFO : ✅ Navigated to the site successfully
]]></system-out>
  </testcase>
  <testcase name="AssignClaimTest" classname="Tests.ClaimTest" time="9.136">
    <system-out><![CDATA[2025-05-18 12:22:00,673 [TestNG-tests-1] INFO : Time Module ➡️ 🚀🚀🚀 Login Out
2025-05-18 12:22:02,151 [TestNG-tests-1] DEBUG: Time module ➡️ ✅✅✅ Logout Completed
2025-05-18 12:22:02,376 [TestNG-tests-1] INFO : ✅ Browser Closed Successfully
2025-05-18 12:22:03,450 [TestNG-tests-1] INFO : ✅ Driver Setup Successfully
2025-05-18 12:22:03,451 [TestNG-tests-1] INFO : ✅ Browser Opened Successfully Successfully
2025-05-18 12:22:05,579 [TestNG-tests-1] INFO : ✅ Navigated to the site successfully
2025-05-18 12:22:05,580 [TestNG-tests-1] INFO : Claim Module ➡️ 🚀🚀🚀 Start Login
2025-05-18 12:22:08,039 [TestNG-tests-1] DEBUG: Claim module ➡️ ✅✅✅ Login Completed
2025-05-18 12:22:08,043 [TestNG-tests-1] INFO : Claim Module ➡️ 🚀🚀🚀 Starting Assign Claim Test
2025-05-18 12:22:09,254 [TestNG-tests-1] DEBUG: Claim module ➡️ ✅ Claim Module is Opened Successfully
2025-05-18 12:22:10,214 [TestNG-tests-1] DEBUG: Claim module ➡️ ✅ Assign Claim Page is Opened Successfully
2025-05-18 12:22:12,879 [TestNG-tests-1] DEBUG: Claim module ➡️ ✅ Claim is Created Successfully
2025-05-18 12:22:17,150 [TestNG-tests-1] DEBUG: Claim module ➡️ ✅ Claim is Submitted Successfully
2025-05-18 12:22:17,176 [TestNG-tests-1] DEBUG: Claim module ➡️ ✅✅✅ Assign Claim Test Completed Successfully
]]></system-out>
    <system-err><![CDATA[May 18, 2025 12:22:03 PM org.openqa.selenium.devtools.CdpVersionFinder findNearestMatch
WARNING: Unable to find an exact match for CDP version 136, returning the closest version; found: 135; Please update to a Selenium version that supports CDP version 136
]]></system-err>
  </testcase>
  <testcase name="PunchInTest" classname="Tests.TimeTest" time="5.052">
    <system-out><![CDATA[2025-05-18 12:22:17,178 [TestNG-tests-1] INFO : Claim Module ➡️ 🚀🚀🚀 Login Out
2025-05-18 12:22:18,376 [TestNG-tests-1] DEBUG: Claim module ➡️ ✅✅✅ Logout Completed
2025-05-18 12:22:20,552 [TestNG-tests-1] INFO : ✅ Browser Closed Successfully
2025-05-18 12:22:21,457 [TestNG-tests-1] INFO : ✅ Driver Setup Successfully
2025-05-18 12:22:21,458 [TestNG-tests-1] INFO : ✅ Browser Opened Successfully Successfully
2025-05-18 12:22:23,429 [TestNG-tests-1] INFO : ✅ Navigated to the site successfully
2025-05-18 12:22:23,431 [TestNG-tests-1] INFO : Time Module ➡️ 🚀🚀🚀 Start Login
2025-05-18 12:22:25,806 [TestNG-tests-1] DEBUG: Time module ➡️ ✅✅✅ Login Completed
2025-05-18 12:22:25,811 [TestNG-tests-1] INFO : Time Module ➡️ 🚀🚀🚀 Starting Punch In Test
2025-05-18 12:22:27,024 [TestNG-tests-1] DEBUG: Time module ➡️ ✅ Time Module is Opened Successfully
2025-05-18 12:22:27,674 [TestNG-tests-1] DEBUG: Time module ➡️ ✅ Attendance Drop Down Menu is Opened Successfully
2025-05-18 12:22:28,048 [TestNG-tests-1] DEBUG: Time module ➡️ ✅ Punch In/Out Page is Opened Successfully
2025-05-18 12:22:29,184 [TestNG-tests-1] DEBUG: Time module ➡️ ✅ Punch In Data is Entered Successfully
2025-05-18 12:22:29,271 [TestNG-tests-1] DEBUG: Time module ➡️ ✅ Punch In Button is Clicked Successfully
2025-05-18 12:22:30,863 [TestNG-tests-1] DEBUG: Time module ➡️ ✅✅✅ Punch In Test Completed Successfully
]]></system-out>
    <system-err><![CDATA[May 18, 2025 12:22:21 PM org.openqa.selenium.devtools.CdpVersionFinder findNearestMatch
WARNING: Unable to find an exact match for CDP version 136, returning the closest version; found: 135; Please update to a Selenium version that supports CDP version 136
]]></system-err>
  </testcase>
  <testcase name="PunchOutTest" classname="Tests.TimeTest" time="5.604">
    <system-out><![CDATA[2025-05-18 12:22:42,648 [TestNG-tests-1] INFO : Performance Module ➡️ 🚀🚀🚀 Login Out
2025-05-18 12:22:43,863 [TestNG-tests-1] DEBUG: Performance module ➡️ ✅✅✅ Logout Completed
2025-05-18 12:22:44,298 [TestNG-tests-1] INFO : ✅ Navigated to the site successfully
2025-05-18 12:22:44,300 [TestNG-tests-1] INFO : Time Module ➡️ 🚀🚀🚀 Start Login
2025-05-18 12:22:46,514 [TestNG-tests-1] DEBUG: Time module ➡️ ✅✅✅ Login Completed
2025-05-18 12:22:46,520 [TestNG-tests-1] INFO : Time Module ➡️ 🚀🚀🚀 Starting Punch Out Test
2025-05-18 12:22:48,013 [TestNG-tests-1] DEBUG: Time module ➡️ ✅ Time Module is Opened Successfully
2025-05-18 12:22:48,681 [TestNG-tests-1] DEBUG: Time module ➡️ ✅ Attendance Drop Down Menu is Opened Successfully
2025-05-18 12:22:49,356 [TestNG-tests-1] DEBUG: Time module ➡️ ✅ Punch In/Out Page is Opened Successfully
2025-05-18 12:22:50,474 [TestNG-tests-1] DEBUG: Time module ➡️ ✅ Punch Out Notes is Entered Successfully
2025-05-18 12:22:50,553 [TestNG-tests-1] DEBUG: Time module ➡️ ✅ Punch Out Button is Clicked Successfully
2025-05-18 12:22:52,121 [TestNG-tests-1] DEBUG: Time module ➡️ ✅✅✅ Punch out Test Completed Successfully
]]></system-out>
  </testcase>
  <testcase name="AddAPKTest" classname="Tests.PerformanceTest" time="4.674">
    <system-out><![CDATA[2025-05-18 12:22:30,865 [TestNG-tests-1] INFO : Time Module ➡️ 🚀🚀🚀 Login Out
2025-05-18 12:22:32,089 [TestNG-tests-1] DEBUG: Time module ➡️ ✅✅✅ Logout Completed
2025-05-18 12:22:33,191 [TestNG-tests-1] INFO : ✅ Driver Setup Successfully
2025-05-18 12:22:33,191 [TestNG-tests-1] INFO : ✅ Browser Opened Successfully Successfully
2025-05-18 12:22:35,341 [TestNG-tests-1] INFO : ✅ Navigated to the site successfully
2025-05-18 12:22:35,346 [TestNG-tests-1] INFO : Performance Module ➡️ 🚀🚀🚀 Start Login
2025-05-18 12:22:37,973 [TestNG-tests-1] DEBUG: Performance module ➡️ ✅✅✅ Login Completed
2025-05-18 12:22:37,976 [TestNG-tests-1] INFO : Performance Module ➡️ 🚀🚀🚀 Starting Add APK Test
2025-05-18 12:22:39,189 [TestNG-tests-1] DEBUG: Performance module ➡️ ✅ Performance Module is Opened Successfully
2025-05-18 12:22:40,695 [TestNG-tests-1] DEBUG: Performance module ➡️ ✅ APK Configuration Page is Opened Successfully
2025-05-18 12:22:42,612 [TestNG-tests-1] DEBUG: Performance module ➡️ ✅ KPI is Added Successfully
2025-05-18 12:22:42,645 [TestNG-tests-1] DEBUG: Performance module ➡️ ✅✅✅ Add KPI Test Completed Successfully
]]></system-out>
    <system-err><![CDATA[May 18, 2025 12:22:33 PM org.openqa.selenium.devtools.CdpVersionFinder findNearestMatch
WARNING: Unable to find an exact match for CDP version 136, returning the closest version; found: 135; Please update to a Selenium version that supports CDP version 136
]]></system-err>
  </testcase>
  <testcase name="SearchForKPITest" classname="Tests.PerformanceTest" time="3.506">
    <system-out><![CDATA[2025-05-18 12:22:52,123 [TestNG-tests-1] INFO : Time Module ➡️ 🚀🚀🚀 Login Out
2025-05-18 12:22:53,287 [TestNG-tests-1] DEBUG: Time module ➡️ ✅✅✅ Logout Completed
2025-05-18 12:22:53,465 [TestNG-tests-1] INFO : ✅ Browser Closed Successfully
2025-05-18 12:22:53,899 [TestNG-tests-1] INFO : ✅ Navigated to the site successfully
2025-05-18 12:22:53,902 [TestNG-tests-1] INFO : Performance Module ➡️ 🚀🚀🚀 Start Login
2025-05-18 12:22:56,025 [TestNG-tests-1] DEBUG: Performance module ➡️ ✅✅✅ Login Completed
2025-05-18 12:22:56,029 [TestNG-tests-1] INFO : Performance Module ➡️ 🚀🚀🚀 Starting for KPI Test
2025-05-18 12:22:57,234 [TestNG-tests-1] DEBUG: Performance module ➡️ ✅ Performance Module is Opened Successfully
2025-05-18 12:22:58,704 [TestNG-tests-1] DEBUG: Performance module ➡️ ✅ APK Configuration Page is Opened Successfully
2025-05-18 12:22:59,531 [TestNG-tests-1] DEBUG: Performance module ➡️ ✅ Search is Done Successfully
2025-05-18 12:22:59,531 [TestNG-tests-1] DEBUG: Performance module ➡️ ✅✅✅ Searchfor KPI KPI Test Completed Successfully
]]></system-out>
  </testcase>
</testsuite>